@I [HLS-0] Workspace /home/srs383/ECE5775/Labs/lab3/ecelinux/digitrec.prj/solution1 opened at Tue Oct 03 15:12:03 EDT 2017
@I [HLS-100] Command 'open_solution' returned 0; elapsed 0Total elapsed time: 0.884 sec.
@I [HLS-100] Command "set_part xc7z020clg484-1 "
@I [HLS-100] Command "add_library xilinx/zynq/zynq:xc7z020:clg484:-1 "
@I [HLS-100] Command "get_default_platform "
@I [HLS-100] Command 'get_default_platform' returned 0; elapsed 0Total elapsed time: 0.890 sec.
@I [HLS-100] Command "license_isbetapart xc7z020 "
@I [HLS-100] Command 'license_isbetapart' returned 1; elapsed 0Total elapsed time: 0.902 sec.
@I [HLS-100] Command "open_platform DefaultPlatform "
@I [HLS-100] Command 'open_platform' returned 0; elapsed 0Total elapsed time: 0.903 sec.
@I [HLS-100] Command "import_lib /opt/xilinx/xilinx_2016.2/Vivado_HLS/2016.2/common/technology/xilinx/zynq/zynq "
@I [HLS-100] Command "source /opt/xilinx/xilinx_2016.2/Vivado_HLS/2016.2/common/technology/xilinx/common/xilinx.lib "
@I [HLS-100] Command "source /opt/xilinx/xilinx_2016.2/Vivado_HLS/2016.2/common/technology/xilinx/interface/xilinx_interface.lib "
@I [HLS-100] Command "source /opt/xilinx/xilinx_2016.2/Vivado_HLS/2016.2/common/technology/xilinx/interface/plb46.lib "
@I [HLS-100] Command 'ap_source' returned 0; elapsed 0Total elapsed time: 0.912 sec.
@I [HLS-100] Command "source /opt/xilinx/xilinx_2016.2/Vivado_HLS/2016.2/common/technology/xilinx/interface/fsl.lib "
@I [HLS-100] Command 'ap_source' returned 0; elapsed 0Total elapsed time: 0.913 sec.
@I [HLS-100] Command "source /opt/xilinx/xilinx_2016.2/Vivado_HLS/2016.2/common/technology/xilinx/interface/axi4.lib "
@I [HLS-100] Command 'ap_source' returned 0; elapsed 0Total elapsed time: 0.915 sec.
@I [HLS-100] Command "source /opt/xilinx/xilinx_2016.2/Vivado_HLS/2016.2/common/technology/xilinx/interface/maxi.lib "
@I [HLS-100] Command 'ap_source' returned 0; elapsed 0Total elapsed time: 0.917 sec.
@I [HLS-100] Command "source /opt/xilinx/xilinx_2016.2/Vivado_HLS/2016.2/common/technology/xilinx/interface/saxilite.lib "
@I [HLS-100] Command 'ap_source' returned 0; elapsed 0Total elapsed time: 0.918 sec.
@I [HLS-100] Command 'ap_source' returned 0; elapsed 0Total elapsed time: 0.918 sec.
@I [HLS-100] Command "source /opt/xilinx/xilinx_2016.2/Vivado_HLS/2016.2/common/technology/xilinx/common/dsp48.lib "
@I [HLS-100] Command 'ap_source' returned 0; elapsed 0Total elapsed time: 0.920 sec.
@I [HLS-100] Command "source /opt/xilinx/xilinx_2016.2/Vivado_HLS/2016.2/common/technology/xilinx/ip/xfft.lib "
@I [HLS-100] Command 'ap_source' returned 0; elapsed 0Total elapsed time: 0.923 sec.
@I [HLS-100] Command "source /opt/xilinx/xilinx_2016.2/Vivado_HLS/2016.2/common/technology/xilinx/ip/dds_compiler.lib "
@I [HLS-100] Command 'ap_source' returned 0; elapsed 0Total elapsed time: 0.924 sec.
@I [HLS-100] Command "source /opt/xilinx/xilinx_2016.2/Vivado_HLS/2016.2/common/technology/xilinx/ip/xfir.lib "
@I [HLS-100] Command 'ap_source' returned 0; elapsed 0Total elapsed time: 0.926 sec.
@I [HLS-100] Command 'ap_source' returned 0; elapsed 0.01Total elapsed time: 0.928 sec.
@I [HLS-100] Command "source /opt/xilinx/xilinx_2016.2/Vivado_HLS/2016.2/common/technology/xilinx/common/xilinx_old.lib "
@I [HLS-100] Command 'ap_source' returned 0; elapsed 0Total elapsed time: 0.931 sec.
@I [HLS-100] Command "source /opt/xilinx/xilinx_2016.2/Vivado_HLS/2016.2/common/technology/xilinx/common/xilinx_vivado.lib "
@I [HLS-100] Command 'ap_source' returned 0; elapsed 0Total elapsed time: 0.933 sec.
@I [HLS-100] Command "source /opt/xilinx/xilinx_2016.2/Vivado_HLS/2016.2/common/technology/xilinx/common/xilinx.hlp "
@I [HLS-100] Command "source /opt/xilinx/xilinx_2016.2/Vivado_HLS/2016.2/common/technology/xilinx/common/target_info.tcl "
@I [HLS-100] Command 'ap_source' returned 0; elapsed 0Total elapsed time: 0.940 sec.
@I [HLS-100] Command "source /opt/xilinx/xilinx_2016.2/Vivado_HLS/2016.2/common/technology/xilinx/interface/xilinx_interface.hlp "
@I [HLS-100] Command "source /opt/xilinx/xilinx_2016.2/Vivado_HLS/2016.2/common/technology/xilinx/interface/maxi.hlp "
@I [HLS-100] Command 'ap_source' returned 0; elapsed 0Total elapsed time: 0.943 sec.
@I [HLS-100] Command "source /opt/xilinx/xilinx_2016.2/Vivado_HLS/2016.2/common/technology/xilinx/interface/saxilite.hlp "
@I [HLS-100] Command 'ap_source' returned 0; elapsed 0Total elapsed time: 0.944 sec.
@I [HLS-100] Command 'ap_source' returned 0; elapsed 0Total elapsed time: 0.945 sec.
@I [HLS-100] Command "source /opt/xilinx/xilinx_2016.2/Vivado_HLS/2016.2/common/technology/xilinx/common/dsp48.hlp "
@I [HLS-100] Command 'ap_source' returned 0; elapsed 0.01Total elapsed time: 0.947 sec.
@I [HLS-100] Command 'ap_source' returned 0; elapsed 0.01Total elapsed time: 0.947 sec.
@I [HLS-100] Command "source /opt/xilinx/xilinx_2016.2/Vivado_HLS/2016.2/common/technology/xilinx/zynq/dsp48e1.hlp "
@I [HLS-100] Command 'ap_source' returned 0; elapsed 0Total elapsed time: 0.949 sec.
@I [HLS-100] Command "get_default_platform "
@I [HLS-100] Command 'get_default_platform' returned 0; elapsed 0Total elapsed time: 0.949 sec.
@I [HLS-100] Command "config_chip_info -quiet -resource  {SLICE 13300}  {LUT 53200}     {FF 106400} {DSP48E 220}   {BRAM 280}  "
@I [HLS-100] Command 'config_chip_info' returned 0; elapsed 0Total elapsed time: 0.949 sec.
@I [HLS-100] Command "config_chip_info -quiet -speed medium "
@I [HLS-100] Command 'config_chip_info' returned 0; elapsed 0Total elapsed time: 0.950 sec.
@I [HLS-100] Command 'import_lib' returned 0; elapsed 0.02Total elapsed time: 0.951 sec.
@I [HLS-100] Command "source /opt/xilinx/xilinx_2016.2/Vivado_HLS/2016.2/common/technology/xilinx/zynq/zynq.gen "
@I [HLS-100] Command "source /opt/xilinx/xilinx_2016.2/Vivado_HLS/2016.2/common/technology/xilinx/common/virtex.gen "
@I [HLS-100] Command "source /opt/xilinx/xilinx_2016.2/Vivado_HLS/2016.2/common/technology/xilinx/common/xilinx.gen "
@I [HLS-100] Command "source /opt/xilinx/xilinx_2016.2/Vivado_HLS/2016.2/common/technology/xilinx/interface/plb46.gen "
@I [HLS-100] Command 'ap_source' returned 0; elapsed 0Total elapsed time: 0.958 sec.
@I [HLS-100] Command "source /opt/xilinx/xilinx_2016.2/Vivado_HLS/2016.2/common/technology/xilinx/interface/fsl.gen "
@I [HLS-100] Command 'ap_source' returned 0; elapsed 0Total elapsed time: 0.960 sec.
@I [HLS-100] Command "source /opt/xilinx/xilinx_2016.2/Vivado_HLS/2016.2/common/technology/xilinx/interface/axi4.gen "
@I [HLS-100] Command 'ap_source' returned 0; elapsed 0Total elapsed time: 0.964 sec.
@I [HLS-100] Command "source /opt/xilinx/xilinx_2016.2/Vivado_HLS/2016.2/common/technology/xilinx/interface/nativeAXI4.gen "
@I [HLS-100] Command "source /opt/xilinx/xilinx_2016.2/Vivado_HLS/2016.2/common/technology/xilinx/interface/saxilite.gen "
@I [HLS-100] Command 'ap_source' returned 0; elapsed 0.01Total elapsed time: 0.970 sec.
@I [HLS-100] Command "source /opt/xilinx/xilinx_2016.2/Vivado_HLS/2016.2/common/technology/xilinx/interface/maxi.gen "
@I [HLS-100] Command 'ap_source' returned 0; elapsed 0Total elapsed time: 0.979 sec.
@I [HLS-100] Command 'ap_source' returned 0; elapsed 0.01Total elapsed time: 0.979 sec.
@I [HLS-100] Command "source /opt/xilinx/xilinx_2016.2/Vivado_HLS/2016.2/common/technology/xilinx/scripts/xilinxcoregen.gen "
@I [HLS-100] Command 'ap_source' returned 0; elapsed 0.01Total elapsed time: 0.989 sec.
@I [HLS-100] Command "source /opt/xilinx/xilinx_2016.2/Vivado_HLS/2016.2/common/technology/xilinx/interface/XilEDKCoreGen.gen "
@I [HLS-100] Command 'ap_source' returned 0; elapsed 0.01Total elapsed time: 0.998 sec.
@I [HLS-100] Command "source /opt/xilinx/xilinx_2016.2/Vivado_HLS/2016.2/common/technology/xilinx/ip/util.gen "
@I [HLS-100] Command 'ap_source' returned 0; elapsed 0Total elapsed time: 1.1 sec.
@I [HLS-100] Command "source /opt/xilinx/xilinx_2016.2/Vivado_HLS/2016.2/common/technology/xilinx/ip/xfir.gen "
@I [HLS-100] Command 'ap_source' returned 0; elapsed 0Total elapsed time: 1.3 sec.
@I [HLS-100] Command "source /opt/xilinx/xilinx_2016.2/Vivado_HLS/2016.2/common/technology/xilinx/ip/xfft.gen "
@I [HLS-100] Command 'ap_source' returned 0; elapsed 0.09Total elapsed time: 1.99 sec.
@I [HLS-100] Command "source /opt/xilinx/xilinx_2016.2/Vivado_HLS/2016.2/common/technology/xilinx/ip/dds_compiler.gen "
@I [HLS-100] Command 'ap_source' returned 0; elapsed 0Total elapsed time: 1.104 sec.
@I [HLS-100] Command 'ap_source' returned 0; elapsed 0.12Total elapsed time: 1.105 sec.
@I [HLS-100] Command "source /opt/xilinx/xilinx_2016.2/Vivado_HLS/2016.2/common/technology/xilinx/common/dsp48.gen "
@I [HLS-100] Command 'ap_source' returned 0; elapsed 0Total elapsed time: 1.108 sec.
@I [HLS-100] Command 'ap_source' returned 0; elapsed 0.13Total elapsed time: 1.108 sec.
@I [HLS-100] Command 'ap_source' returned 0; elapsed 0.14Total elapsed time: 1.108 sec.
@I [HLS-100] Command "get_default_platform "
@I [HLS-100] Command 'get_default_platform' returned 0; elapsed 0Total elapsed time: 1.110 sec.
@I [HLS-100] Command "config_chip_info -quiet -resource  {SLICE 13300}  {LUT 53200}     {FF 106400} {DSP48E 220}   {BRAM 280}  "
@I [HLS-100] Command 'config_chip_info' returned 0; elapsed 0Total elapsed time: 1.111 sec.
@I [HLS-100] Command "config_chip_info -quiet -speed slow "
@I [HLS-100] Command 'config_chip_info' returned 0; elapsed 0Total elapsed time: 1.111 sec.
@I [HLS-100] Command 'add_library' returned 0; elapsed 0.16Total elapsed time: 1.114 sec.
@I [HLS-100] Command "add_library xilinx/zynq/zynq_fpv6 "
@I [HLS-100] Command "get_default_platform "
@I [HLS-100] Command 'get_default_platform' returned 0; elapsed 0Total elapsed time: 1.115 sec.
@I [HLS-100] Command "open_platform DefaultPlatform "
@I [HLS-100] Command 'open_platform' returned 0; elapsed 0Total elapsed time: 1.116 sec.
@I [HLS-100] Command "import_lib /opt/xilinx/xilinx_2016.2/Vivado_HLS/2016.2/common/technology/xilinx/zynq/zynq_fpv6 "
@I [HLS-100] Command "source /opt/xilinx/xilinx_2016.2/Vivado_HLS/2016.2/common/technology/xilinx/common/xilinx_fpv7.lib "
@I [HLS-100] Command "source /opt/xilinx/xilinx_2016.2/Vivado_HLS/2016.2/common/technology/xilinx/common/xilinx_hp.lib "
@I [HLS-100] Command 'ap_source' returned 0; elapsed 0Total elapsed time: 1.123 sec.
@I [HLS-100] Command 'ap_source' returned 0; elapsed 0Total elapsed time: 1.125 sec.
@I [HLS-100] Command "source /opt/xilinx/xilinx_2016.2/Vivado_HLS/2016.2/common/technology/xilinx/common/xilinx_fpv.hlp "
@I [HLS-100] Command "source /opt/xilinx/xilinx_2016.2/Vivado_HLS/2016.2/common/technology/xilinx/common/xilinx.hlp "
@I [HLS-100] Command "source /opt/xilinx/xilinx_2016.2/Vivado_HLS/2016.2/common/technology/xilinx/common/target_info.tcl "
@I [HLS-100] Command 'ap_source' returned 0; elapsed 0Total elapsed time: 1.137 sec.
@I [HLS-100] Command "source /opt/xilinx/xilinx_2016.2/Vivado_HLS/2016.2/common/technology/xilinx/interface/xilinx_interface.hlp "
@I [HLS-100] Command "source /opt/xilinx/xilinx_2016.2/Vivado_HLS/2016.2/common/technology/xilinx/interface/maxi.hlp "
@I [HLS-100] Command 'ap_source' returned 0; elapsed 0Total elapsed time: 1.140 sec.
@I [HLS-100] Command "source /opt/xilinx/xilinx_2016.2/Vivado_HLS/2016.2/common/technology/xilinx/interface/saxilite.hlp "
@I [HLS-100] Command 'ap_source' returned 0; elapsed 0Total elapsed time: 1.141 sec.
@I [HLS-100] Command 'ap_source' returned 0; elapsed 0Total elapsed time: 1.141 sec.
@I [HLS-100] Command "source /opt/xilinx/xilinx_2016.2/Vivado_HLS/2016.2/common/technology/xilinx/common/dsp48.hlp "
@I [HLS-100] Command 'ap_source' returned 0; elapsed 0Total elapsed time: 1.144 sec.
@I [HLS-100] Command 'ap_source' returned 0; elapsed 0Total elapsed time: 1.144 sec.
@I [HLS-100] Command 'ap_source' returned 0; elapsed 0Total elapsed time: 1.144 sec.
@I [HLS-100] Command "source /opt/xilinx/xilinx_2016.2/Vivado_HLS/2016.2/common/technology/xilinx/zynq/zynq_hp.hlp "
@I [HLS-100] Command 'ap_source' returned 0; elapsed 0Total elapsed time: 1.147 sec.
@I [HLS-100] Command 'import_lib' returned 0; elapsed 0.01Total elapsed time: 1.151 sec.
@I [HLS-100] Command "source /opt/xilinx/xilinx_2016.2/Vivado_HLS/2016.2/common/technology/xilinx/zynq/zynq_fpv6.gen "
@I [HLS-100] Command "source /opt/xilinx/xilinx_2016.2/Vivado_HLS/2016.2/common/technology/xilinx/common/xilinx_fpv6.gen "
@I [HLS-100] Command 'ap_source' returned 0; elapsed 0.01Total elapsed time: 1.155 sec.
@I [HLS-100] Command 'ap_source' returned 0; elapsed 0.01Total elapsed time: 1.155 sec.
@I [HLS-100] Command 'add_library' returned 0; elapsed 0.02Total elapsed time: 1.158 sec.
@I [HLS-10] Setting target device to 'xc7z020clg484-1'
@I [HLS-100] Command 'set_part' returned 0; elapsed 0.19Total elapsed time: 1.158 sec.
@I [HLS-100] Command "create_clock -period 10 "
@I [HLS-100] Command "config_clock -quiet -name default -period 10 -default=false "
@I [SYN-201] Setting up clock 'default' with a period of 10ns.
@I [HLS-100] Command 'config_clock' returned 0; elapsed 0Total elapsed time: 1.162 sec.
@I [HLS-100] Command 'create_clock' returned 0; elapsed 0Total elapsed time: 1.162 sec.
@I [HLS-100] Command "csynth_design "
@I [HLS-100] Command "elaborate -effort=medium -skip_syncheck=0 -keep_printf=0 -lm=0 -skip_cdt=0 -skip_transform=0 -ng=0 -g=0 -opt_fp=0 "
@I [HLS-10] Analyzing design file 'digitrec.cpp' ... 
@0 [HLS-0] Analyzing design file 'digitrec.cpp' ... 
@I [HLS-0] Compiling one TU...
@I [HLS-0] 
Checking before pre-process: exec clang -fno-limit-debug-info -gcc-toolchain "/opt/xilinx/xilinx_2016.2/Vivado_HLS/2016.2/lnx64/tools/gcc" -hls    -fno-math-errno -c -emit-llvm -O0  -mllvm -disable-llvm-optzns -fno-threadsafe-statics  -fno-use-cxa-atexit  -fno-threadsafe-statics -fno-use-cxa-atexit   -I "/opt/xilinx/xilinx_2016.2/Vivado_HLS/2016.2/lnx64/tools/systemc/include" -I "/opt/xilinx/xilinx_2016.2/Vivado_HLS/2016.2/include" -I "/opt/xilinx/xilinx_2016.2/Vivado_HLS/2016.2/include/ap_sysc" -fexceptions -I "/opt/xilinx/xilinx_2016.2/Vivado_HLS/2016.2/common/technology/autopilot" -include etc/autopilot_ssdm_op.h "digitrec.cpp"  -o "/home/srs383/ECE5775/Labs/lab3/ecelinux/digitrec.prj/solution1/.autopilot/db/digitrec.pp.00.o"

@I [HLS-100] Command "is_encrypted /home/srs383/ECE5775/Labs/lab3/ecelinux/digitrec.prj/solution1/.autopilot/db/digitrec.pp.00.o "
@I [HLS-100] Command 'is_encrypted' returned 0; elapsed 0Total elapsed time: 3.410 sec.
@I [HLS-0] Syntax Checker time: 2 seconds per iteration
@I [HLS-0] 
Source preprocessing: exec clang -fno-limit-debug-info -gcc-toolchain "/opt/xilinx/xilinx_2016.2/Vivado_HLS/2016.2/lnx64/tools/gcc" -hls -fno-exceptions  -D__llvm__  -CC -E "digitrec.cpp"     -fno-math-errno -c -emit-llvm -O0  -mllvm -disable-llvm-optzns -fno-threadsafe-statics  -fno-use-cxa-atexit  -fno-threadsafe-statics -fno-use-cxa-atexit -DAESL_SYN -D__SYNTHESIS__ -D__HLS_SYN__ -I "/opt/xilinx/xilinx_2016.2/Vivado_HLS/2016.2/common/technology/autopilot" -I "/opt/xilinx/xilinx_2016.2/Vivado_HLS/2016.2/common/technology/autopilot/ap_sysc" -include etc/autopilot_ssdm_op.h  -o "/home/srs383/ECE5775/Labs/lab3/ecelinux/digitrec.prj/solution1/.autopilot/db/digitrec.pp.0.cpp"

@I [HLS-0] GCC PP time: 0 seconds per iteration
@I [HLS-100] Command "list_core -type functional_unit "
@I [HLS-100] Command 'list_core' returned 0; elapsed 0Total elapsed time: 3.656 sec.
@I [HLS-0] Marker-Pragma convertor: /home/srs383/ECE5775/Labs/lab3/ecelinux/digitrec.prj/solution1/.autopilot/db/digitrec.pp.0.cpp /home/srs383/ECE5775/Labs/lab3/ecelinux/digitrec.prj/solution1/.autopilot/db/digitrec.pp.0.cpp.ap-line.cpp /home/srs383/ECE5775/Labs/lab3/ecelinux/digitrec.prj/solution1/.autopilot/db/digitrec.pp.0.cpp.ap-line.cpp.CXX 1
@I [HLS-0] 
Source processor: exec /opt/xilinx/xilinx_2016.2/Vivado_HLS/2016.2/tps/lnx64/jre/bin/java -Xmx512m -classpath   "/opt/xilinx/xilinx_2016.2/Vivado_HLS/2016.2/lib/classes/autopilot.sourceprocessor.jar:/opt/xilinx/xilinx_2016.2/Vivado_HLS/2016.2/lib/classes/org.eclipse.cdt.core_5.3.0.xilinx_patch.jar:/opt/xilinx/xilinx_2016.2/Vivado_HLS/2016.2/lib/classes/org.eclipse.core.runtime_3.7.0.v20110110.jar:/opt/xilinx/xilinx_2016.2/Vivado_HLS/2016.2/lib/classes/org.eclipse.equinox.common_3.6.0.v20110523.jar:/opt/xilinx/xilinx_2016.2/Vivado_HLS/2016.2/lib/classes/com.ibm.icu_4.4.2.v20110208.jar:/opt/xilinx/xilinx_2016.2/Vivado_HLS/2016.2/lib/classes/jargs.jar:/opt/xilinx/xilinx_2016.2/Vivado_HLS/2016.2/lnx64/tools/eclipse/plugins/org.eclipse.emf.common_2.10.1.v20150123-0348.jar:/opt/xilinx/xilinx_2016.2/Vivado_HLS/2016.2/lnx64/tools/eclipse/plugins/org.eclipse.emf.ecore_2.10.2.v20150123-0348.jar:/opt/xilinx/xilinx_2016.2/Vivado_HLS/2016.2/lnx64/tools/eclipse/plugins/org.eclipse.emf.ecore.xmi_2.10.2.v20150123-0348.jar:/opt/xilinx/xilinx_2016.2/Vivado_HLS/2016.2/lnx64/tools/eclipse/plugins/com.autoesl.autopilot.ui.directiveFileModel_1.0.0.jar:/opt/xilinx/xilinx_2016.2/Vivado_HLS/2016.2/lnx64/tools/eclipse/plugins/com.autoesl.autopilot.ui.common_1.0.0.jar"  autopilot.sourceprocessor.CParser  "/home/srs383/ECE5775/Labs/lab3/ecelinux/digitrec.prj/solution1/.autopilot/db/digitrec.pp.0.cpp.ap-line.cpp"  -m "dut" -o "/home/srs383/ECE5775/Labs/lab3/ecelinux/digitrec.prj/solution1/.autopilot/db/digitrec.pp.0.cpp.ap-cdt.cpp" --pp --directive /home/srs383/ECE5775/Labs/lab3/ecelinux/digitrec.prj/solution1/solution1.directive --source /home/srs383/ECE5775/Labs/lab3/ecelinux/digitrec.cpp --error /home/srs383/ECE5775/Labs/lab3/ecelinux/digitrec.prj/solution1/.autopilot/db --funcunit "AddSub AddSub_DSP AddSubnS DAddSub_fulldsp DAddSub_nodsp DDiv DExp_fulldsp DExp_meddsp DExp_nodsp DLog_fulldsp DLog_meddsp DLog_nodsp DMul_fulldsp DMul_maxdsp DMul_meddsp DMul_nodsp DRSqrt DRecip DSqrt DivnS FAddSub_fulldsp FAddSub_nodsp FDiv FExp_fulldsp FExp_meddsp FExp_nodsp FLog_fulldsp FLog_meddsp FLog_nodsp FMul_fulldsp FMul_maxdsp FMul_meddsp FMul_nodsp FRSqrt_fulldsp FRSqrt_nodsp FRecip_fulldsp FRecip_nodsp FSqrt HAddSub_nodsp HDiv HMul_fulldsp HMul_maxdsp HMul_nodsp HSqrt Mul Mul2S Mul3S Mul4S Mul5S Mul6S Mul_LUT MulnS MuxnS" --ve --vetcl /home/srs383/ECE5775/Labs/lab3/ecelinux/digitrec.prj/solution1/.autopilot/db --ca --es --gf --pd --p2d /home/srs383/ECE5775/Labs/lab3/ecelinux/digitrec.prj/solution1/.autopilot/db --sd --scff /home/srs383/ECE5775/Labs/lab3/ecelinux/digitrec.prj/solution1/.autopilot/db/.systemc_flag --ad

@I [HLS-0] Error:Syntax error in source:for (__decltype(__n + 0) __niter = __n;
Error:Missing ; in source:t
Error:Syntax error in source:)
 *__first = __value;
Error:Syntax error in source:for (__decltype(__n + 0) __niter = __n;
Error:Missing ; in source:t
Error:Syntax error in source:)
 *__first = __tmp;
@I [HLS-0] Marker-Pragma convertor: /home/srs383/ECE5775/Labs/lab3/ecelinux/digitrec.prj/solution1/.autopilot/db/digitrec.pp.0.cpp.ap-cdt.cpp /home/srs383/ECE5775/Labs/lab3/ecelinux/digitrec.prj/solution1/.autopilot/db/digitrec.pragma.0.cpp /home/srs383/ECE5775/Labs/lab3/ecelinux/digitrec.prj/solution1/.autopilot/db/digitrec.pragma.0.cpp.ap-line.CXX 0
@I [HLS-100] Command "source /home/srs383/ECE5775/Labs/lab3/ecelinux/digitrec.prj/solution1/.autopilot/db/pragma.status.tcl "
@I [HLS-100] Command 'ap_source' returned 0; elapsed 0Total elapsed time: 13.906 sec.
@I [HLS-0] CDT processor time: 10 seconds per iteration
@I [HLS-0] Pragma handling time: 0 seconds per iteration
@I [HLS-0] 
Source preprocessing: exec clang -fno-limit-debug-info -gcc-toolchain "/opt/xilinx/xilinx_2016.2/Vivado_HLS/2016.2/lnx64/tools/gcc" -hls -fno-exceptions  -D__llvm__  -CC -E "/home/srs383/ECE5775/Labs/lab3/ecelinux/digitrec.prj/solution1/.autopilot/db/digitrec.pragma.1.cpp"     -fno-math-errno -c -emit-llvm -O0  -mllvm -disable-llvm-optzns -fno-threadsafe-statics  -fno-use-cxa-atexit  -fno-threadsafe-statics -fno-use-cxa-atexit -DAESL_SYN -D__SYNTHESIS__ -D__HLS_SYN__ -I "/opt/xilinx/xilinx_2016.2/Vivado_HLS/2016.2/common/technology/autopilot" -I "/opt/xilinx/xilinx_2016.2/Vivado_HLS/2016.2/common/technology/autopilot/ap_sysc" -include etc/autopilot_ssdm_op.h  -o "/home/srs383/ECE5775/Labs/lab3/ecelinux/digitrec.prj/solution1/.autopilot/db/digitrec.pragma.2.cpp"

@I [HLS-0] exec clang -fno-limit-debug-info -gcc-toolchain /opt/xilinx/xilinx_2016.2/Vivado_HLS/2016.2/lnx64/tools/gcc -hls -hls-analyze-label -hls-analyze-pragma -fno-exceptions  -D__llvm__  -w  "/home/srs383/ECE5775/Labs/lab3/ecelinux/digitrec.prj/solution1/.autopilot/db/digitrec.pragma.2.cpp"    -fno-math-errno -c -emit-llvm -O0  -mllvm -disable-llvm-optzns -fno-threadsafe-statics  -fno-use-cxa-atexit -DAESL_SYN -D__SYNTHESIS__ -D__HLS_SYN__ -I "/opt/xilinx/xilinx_2016.2/Vivado_HLS/2016.2/common/technology/autopilot" -I "/opt/xilinx/xilinx_2016.2/Vivado_HLS/2016.2/common/technology/autopilot/ap_sysc" -include etc/autopilot_ssdm_op.h -g -o "/home/srs383/ECE5775/Labs/lab3/ecelinux/digitrec.prj/solution1/.autopilot/db/digitrec.g.bc"
@I [HLS-100] Command "source /home/srs383/ECE5775/Labs/lab3/ecelinux/digitrec.prj/solution1/.autopilot/db/ve_warning.tcl "
@I [HLS-100] Command 'ap_source' returned 0; elapsed 0Total elapsed time: 16.872 sec.
@I [HLS-10] Validating synthesis directives ...
@0 [HLS-0] Validating synthesis directives ...
@I [HLS-100] Command "source /home/srs383/ECE5775/Labs/lab3/ecelinux/digitrec.prj/solution1/.autopilot/db/pragma.status.tcl "
@I [HLS-100] Command 'ap_source' returned 0; elapsed 0Total elapsed time: 16.873 sec.
@I [HLS-0] Linking all ...
@I [HLS-0] exec llvm-ld  "/home/srs383/ECE5775/Labs/lab3/ecelinux/digitrec.prj/solution1/.autopilot/db/digitrec.bc"  -disable-opt  -L/opt/xilinx/xilinx_2016.2/Vivado_HLS/2016.2/lnx64/lib -lm_basic -o "/home/srs383/ECE5775/Labs/lab3/ecelinux/digitrec.prj/solution1/.autopilot/db/a.o.pre"
@I [HLS-0] Link time: 0 seconds per iteration
@I [HLS-0] Linking all ...
@I [HLS-0] exec llvm-ld  "/home/srs383/ECE5775/Labs/lab3/ecelinux/digitrec.prj/solution1/.autopilot/db/digitrec.g.bc"  -disable-opt  -L/opt/xilinx/xilinx_2016.2/Vivado_HLS/2016.2/lnx64/lib -lm_basic -o "/home/srs383/ECE5775/Labs/lab3/ecelinux/digitrec.prj/solution1/.autopilot/db/a.g.pre"
@I [HLS-0] Link time: 0 seconds per iteration
@I [HLS-100] Command "opt_and_import_c a -opt_level=2 -skip_syncheck=0 -ng=0 -keep_printf=0 "
@I [HLS-100] Command "cleanup_all_models "
@I [HLS-100] Command 'cleanup_all_models' returned 0; elapsed 0Total elapsed time: 18.79 sec.
@I [HLS-10] Starting code transformations ...
@0 [HLS-0] Starting code transformations ...
@I [HLS-0] std xform: transform -hls -share-std-xform -always-inline -promote-dbg-pointer  -interface-preproc  -scalarrepl -mem2reg -keep-read-access -instcombine -dce  -promote-dbg-pointer  -bitop-raise  -indvars -loop-simplify -xunroll  -constprop -instcombine -simplifycfg -indvars  -simplifycfg -dce -globaldce  -basicaa  -simplifycfg -mem2reg -globalopt  -global-constprop -deadargelim -instcombine -simplifycfg  -prune-eh -simplifycfg  -scalarrepl -instcombine -reassociate -licm  -simplifycfg -loop-simplify -indvars -instcombine  -simplifycfg -mem2reg -loop-simplify -indvars -instcombine  -gvn -gvn -instcombine -adce  -break-crit-edges  -simplifycfg -loop-delete  -global-array-opt -dce -dse -adce  -find-syn-modules -top dut  -deadargelim  -mem2reg -instcombine -dce  -presyn-prepare -auto-rom-infer  -interface-preproc  -syn-check -check-rec-only  -find-region -simplifycfg -func-extr -function-inline  -globaldce -mem2reg -instcombine -dce   -gvn -globaldce -adce -adse  -constprop -instcombine -bit-constprop  -instcombine -dce -simplifycfg -bitop-raise  -simplifycfg -dce -loop-delete -reassociate  -globalopt -global-privatize -mem2reg -dce  -global-constprop -pointer-simplify -constprop -dce  -func-inst -deadargelim  -promote-dbg-pointer  -norm-name   /home/srs383/ECE5775/Labs/lab3/ecelinux/digitrec.prj/solution1/.autopilot/db/a.g.0.bc -o /home/srs383/ECE5775/Labs/lab3/ecelinux/digitrec.prj/solution1/.autopilot/db/a.g.1.bc -f  -phase std-opt
@I [HLS-0] Std xform time: 4 seconds per iteration
@I [HLS-100] Command "is_encrypted /home/srs383/ECE5775/Labs/lab3/ecelinux/digitrec.prj/solution1/.autopilot/db/a.g.1.bc "
@I [HLS-100] Command 'is_encrypted' returned 0; elapsed 0Total elapsed time: 22.815 sec.
@I [HLS-10] Checking synthesizability ...
@0 [HLS-0] Checking synthesizability ...
@I [HLS-0] syn check 1/2: transform -hls -syn-check -check-rec-only -disaggr -scalarrepl -norm-name -dce  -mem2reg -instcombine  -function-uniquify -directive-preproc -mem2reg -dse -dce -auto-rom-infer -dce  -array-normalize -instcombine -dce  -array-seg-normalize -instcombine -dce  -array-flatten -instcombine -dce  -array-burst -dce  -deadargelim -promote-global-argument  -simplifycfg -mem2reg -globaldce -resolve-double-ptr  -dce -deadargelim -dce -instcombine  -function-inline -globaldce -dce  -doublePtrSimplify -doublePtrElim -dce  -doublePtrSimplify -promote-dbg-pointer  -dce -scalarrepl -dse -adse -instcombine  -ptrLegalization  -simplifycfg -dce -instcombine  -pointer-simplify -ptrArgReplace -dce -instcombine   -disaggr -scalarrepl -norm-name -dce  -mem2reg -instcombine -ptrLegalization   -simplifycfg -deadargelim  -instcombine -dce -inst-simplify  -function-uniquify -directive-preproc -mem2reg -dse -dce  -globaldce    /home/srs383/ECE5775/Labs/lab3/ecelinux/digitrec.prj/solution1/.autopilot/db/a.g.1.bc -o /home/srs383/ECE5775/Labs/lab3/ecelinux/digitrec.prj/solution1/.autopilot/db/a.g.2.prechk.bc -f
@I [HLS-0] Syn check 1/2 time: 0 seconds per iteration
@I [HLS-0] syn check 2/2: transform -syn-check   /home/srs383/ECE5775/Labs/lab3/ecelinux/digitrec.prj/solution1/.autopilot/db/a.g.2.prechk.bc -o /home/srs383/ECE5775/Labs/lab3/ecelinux/digitrec.prj/solution1/.autopilot/db/a.g.2.bc -f  -phase syn-check
@W [SYNCHK-23] digitrec.cpp:92: variable-indexed range selection may cause suboptimal QoR.
@I [SYNCHK-10] 0 error(s), 1 warning(s).
@I [HLS-0] Syn check 2/2 time: 0 seconds per iteration
@I [HLS-0] Compiler optimizing ...
@I [HLS-0] Share syncheck's 1.bc for syn flow: copy /home/srs383/ECE5775/Labs/lab3/ecelinux/digitrec.prj/solution1/.autopilot/db/a.g.1.bc to /home/srs383/ECE5775/Labs/lab3/ecelinux/digitrec.prj/solution1/.autopilot/db/a.o.1.bc
@I [HLS-0] presyn 1: transform -hls -tmp /home/srs383/ECE5775/Labs/lab3/ecelinux/digitrec.prj/solution1/.autopilot/db -type-info  -function-uniquify -directive-preproc -mem2reg -dse -dce  -disaggr -scalarrepl -norm-name -deadargelim  -mem2reg -instcombine -dce -auto-rom-infer -dce -function-uniquify  -resource-proc  -simplifycfg -mem2reg -globaldce -resolve-double-ptr -dce -deadargelim -dce -instcombine  -clib-intrinsic-prepare -dce  -func-buffer -dce -array-normalize  -func-legal -instcombine -gvn -constprop -dce   -ptrArgReplace -mem2reg -instcombine -dce  -array-seg-normalize -deadargelim  -instcombine -dce  -pointer-simplify -dce  -port-alignment -dce  -interface-preproc  -data-pack -instcombine -dce   -basicaa -aggr-aa -aggrmodref-aa -aggr-aa -gvn -gvn  -basicaa -aggr-aa -aggrmodref-aa -aggr-aa -dse -adse -adce  -loop-simplify -indvars -instcombine  -gvn -loop-simplify -mem2reg -dce -simplifycfg  -find-region -instcombine  -auto-loop-pipeline  -inst-simplify  -interface-preproc  -indvars -auto-loop-unroll -loop-simplify -loop-bound -xunroll  -constprop -instcombine -simplifycfg -indvars  -simplifycfg -dce -globaldce  -attach-range  -gvn -inst-simplify  -constprop -simplifycfg -dce  -pointer-simplify -dce  -globalopt -constprop -dce  -array-promote -constprop -instcombine -dce  -ptrArgReplace -mem2reg  -instcombine -simplifycfg -dce  -auto-par -instcombine -dce  -array-transform-check  -array-reshape -instcombine -simplifycfg -dce  -ptrArgReplace -deadargelim -mem2reg  -instcombine -simplifycfg -dce   -indvars -loop-simplify -loop-bound -xunroll  -constprop -instcombine -simplifycfg -indvars  -simplifycfg -dce -globaldce  -duplicate-dataflow-processes -globaldce  -array-partition -instcombine -simplifycfg -dce  -ptrArgReplace -global-constprop -deadargelim -mem2reg  -func-legal -instcombine -dce -global-constprop -deadargelim -mem2reg  -instcombine -simplifycfg -dce   -globalopt -constprop -dce  -array-promote -constprop -instcombine -dce  -ptrArgReplace -mem2reg  -instcombine -simplifycfg -dce   -mem-intrinsic-preproc -dce  -global-privatize  -mem2reg -globaldce  -promote-global-argument  -ptrArgReplace -mem2reg -instcombine -dce  -globalopt -mergereturn -simplify-global-access -mem2reg -dce  -pointer-simplify -dce  -functionattrs  -basicaa -aggr-aa -aggrmodref-aa -aggr-aa -gvn -gvn  -basicaa -aggr-aa -aggrmodref-aa -aggr-aa -dse -adse -adce  -inst-simplify -dce -norm-name  -function-inline -globaldce  -func-inst -constprop -instcombine -simplifycfg -dce  -func-legal -dce   -loop-bound  -arraycheck -bitwidthmin -on-by-dataflow  -loop-delete -instcombine -simplifycfg  -globaldce -dce -gvn -deadargelim -dce -loop-simplify -clean-region -simplifycfg -propagate-stable-arguments  -loop-stream -instcombine -simplifycfg -dce -globaldce  -stream-intrinsic-preproc -dce  -check-ap-stream -loop-simplify -eliminate-keepreads  -extract-dataflow-in-loop -loop-simplify -dce -gvn -deadargelim -dse  -check-dataflow-syntax  -legalize-stream-variable -legalize-global -legalize-global-1  -extract-subproc -dce -dead-channel-elimination  -canonicalize-gep -globaldce -dce -gvn -deadargelim  -scalar-propagation -deadargelim -globaldce -mem2reg  -check-dataflow-channels -function-stream -annotate-dataflow-channels -dce -globaldce  -prop-fifo-spec -internal-stream-gen  -canonicalize-gep -globaldce -dce -gvn -deadargelim   -mergereturn -indvars -loop-simplify -instcombine  -array-stream -instcombine -simplifycfg -dce  -bundle-memfifo-ops -deadargelim    -function-uniquify -directive-preproc -mem2reg -dse -dce  -group-axi-access    -licm -simplifycfg -dce -loop-delete  -norm-name  /home/srs383/ECE5775/Labs/lab3/ecelinux/digitrec.prj/solution1/.autopilot/db/a.o.1.bc -o /home/srs383/ECE5775/Labs/lab3/ecelinux/digitrec.prj/solution1/.autopilot/db/a.o.1.tmp.bc -f
@I [XFORM-102] Partitioning array 'sumArr.V' (digitrec.cpp:144) in dimension 2 automatically.
@I [XFORM-102] Automatically partitioning small array 'minArray.V' (digitrec.cpp:139) completely based on array size.
@I [XFORM-101] Partitioning array 'minArray.V' (digitrec.cpp:139) in dimension 1 completely.
@I [HLS-0] Presyn 1 time: 0 seconds per iteration
@I [HLS-0] presyn 2: transform -hls -keep-callgraph -scalarrepl -mem2reg  -port-alignment -attach-range -dce  -pipe-mux-gen  -indvars -loop-bound  -inst-simplify -instcombine -dce  -merge-array-access -mem2reg -dce  -clean-region -mergereturn -if-conv  -instcombine -dce -constprop  -basicaa -aggr-aa -aggrmodref-aa -aggr-aa -gvn -gvn  -basicaa -aggr-aa -aggrmodref-aa -aggr-aa -dse -adse -adce  -scalarrepl -mem2reg  -global-constprop -deadargelim -deadargelim  -instcombine -dce -simplifycfg    -ptrArgReplace -mem2reg -function-inline  -globaldce -mem2reg -instcombine -dce -expr-balance  -instcombine -dce  -bitwidthmin  -interface-preproc -directive-preproc  -inst-rectify -instcombine -dce  -functionattrs  -constprop -instcombine -bit-constprop  -simplify-global-access  -globalopt -globaldce  -inst-simplify -instcombine -elimdeaddata -dce  -loop-delete -simplifycfg -loop-simplify -auto-burst   -norm-name /home/srs383/ECE5775/Labs/lab3/ecelinux/digitrec.prj/solution1/.autopilot/db/a.o.1.tmp.bc -o /home/srs383/ECE5775/Labs/lab3/ecelinux/digitrec.prj/solution1/.autopilot/db/a.o.2.bc -f  -phase presyn
@I [XFORM-401] Performing if-conversion on hyperblock to (digitrec.cpp:164:26) in function 'knn_vote'... converting 5 basic blocks.
@I [XFORM-401] Performing if-conversion on hyperblock from (digitrec.cpp:174:16) to (digitrec.cpp:173:25) in function 'knn_vote'... converting 9 basic blocks.
@I [XFORM-401] Performing if-conversion on hyperblock from (digitrec.cpp:228:10) to (digitrec.cpp:225:23) in function 'knn_vote'... converting 3 basic blocks.
@I [XFORM-401] Performing if-conversion on hyperblock from (digitrec.cpp:243:11) to (digitrec.cpp:242:25) in function 'knn_vote'... converting 3 basic blocks.
@I [HLS-0] Presyn 2 time: 0 seconds per iteration
@I [HLS-100] Command "is_encrypted /home/srs383/ECE5775/Labs/lab3/ecelinux/digitrec.prj/solution1/.autopilot/db/a.o.2.bc "
@I [HLS-100] Command 'is_encrypted' returned 0; elapsed 0Total elapsed time: 24.190 sec.
@I [HLS-0] build ssdm: transform -hls  -function-uniquify -auto-function-inline -globaldce  -ptrArgReplace -mem2reg -instcombine -dce  -reset-lda  -loop-simplify -indvars -licm -loop-dep  -loop-bound -licm -loop-simplify -flattenloopnest  -array-flatten -gvn -instcombine -dce  -array-map -dce -func-legal  -gvn -adce -instcombine -cfgopt -simplifycfg -loop-simplify   -array-burst -promote-global-argument -dce  -axi4-lower -array-seg-normalize  -basicaa -aggrmodref-aa -globalsmodref-aa -aggr-aa -gvn -gvn  -basicaa -aggrmodref-aa -globalsmodref-aa -aggr-aa -dse -adse -adce -licm  -inst-simplify -dce  -globaldce -instcombine -array-stream -eliminate-keepreads -instcombine  -dce   -deadargelim -doublePtrSimplify  -doublePtrElim -dce -doublePtrSimplify -promote-dbg-pointer  -dce -scalarrepl -mem2reg -disaggr -norm-name -mem2reg  -instcombine  -dse -adse -adce -ptrLegalization -dce -auto-rom-infer -array-flatten -dce -instcombine  -loop-rot -constprop -cfgopt -simplifycfg -loop-simplify -indvars -pointer-simplify -dce -loop-bound  -loop-simplify -loop-preproc  -constprop -global-constprop -gvn -mem2reg -instcombine -dce  -loop-merge -dce  -bitwidthmin  -deadargelim -dce  -scalar-propagation -deadargelim -globaldce -mem2reg  -interface-preproc -interface-gen  -deadargelim -directive-preproc -inst-simplify -dce  -gvn -mem2reg -instcombine -dce -adse  -loop-bound  -instcombine -cfgopt -simplifycfg -loop-simplify  -clean-region -io-protocol  -find-region -mem2reg  -bitop-raise  -inst-simplify -inst-rectify -instcombine -adce -deadargelim  -loop-simplify -phi-opt -bitop-raise  -cfgopt -simplifycfg -strip-dead-prototypes  -interface-lower -bitop-lower -intrinsic-lower -auto-function-inline  -basicaa -aggrmodref-aa -globalsmodref-aa -aggr-aa  -inst-simplify -simplifycfg   -mergereturn -inst-simplify -inst-rectify  -dce -bitop-lower  -loop-rewind -pointer-simplify -dce -cfgopt  -read-loop-dep -dce -bitwidth -norm-name -legalize    -cdfg-build  /home/srs383/ECE5775/Labs/lab3/ecelinux/digitrec.prj/solution1/.autopilot/db/a.o.2.bc -o /home/srs383/ECE5775/Labs/lab3/ecelinux/digitrec.prj/solution1/.autopilot/db/a.o.3.bc -f  -phase build-ssdm
@I [HLS-0] Build ssdm time: 0 seconds per iteration
@I [HLS-100] Command "is_encrypted /home/srs383/ECE5775/Labs/lab3/ecelinux/digitrec.prj/solution1/.autopilot/db/a.o.3.bc "
@I [HLS-100] Command 'is_encrypted' returned 0; elapsed 0Total elapsed time: 24.830 sec.
@I [HLS-0] Finish building internal data model.
@I [HLS-100] Command 'opt_and_import_c' returned 0; elapsed 5.94Total elapsed time: 24.915 sec.
@I [HLS-111] Elapsed time: 8.31 seconds; current memory usage: 149 MB.
@I [HLS-100] Command 'elaborate' returned 0; elapsed 7.81Total elapsed time: 24.922 sec.
@I [HLS-100] Command "autosyn "
@I [HLS-10] Starting hardware synthesis ...
@0 [HLS-0] Starting hardware synthesis ...
@I [HLS-0] Synthesizing C/C++ design ...
@I [HLS-10] Synthesizing 'dut' ...
@0 [HLS-0] Synthesizing 'dut' ...
@I [HLS-100] Command "ap_set_top_model dut "
@I [HLS-100] Command 'ap_set_top_model' returned 0; elapsed 0Total elapsed time: 24.923 sec.
@I [HLS-100] Command "get_model_list dut -filter all-wo-channel -topdown "
@I [HLS-100] Command 'get_model_list' returned 0; elapsed 0Total elapsed time: 24.923 sec.
@I [HLS-100] Command "preproc_iomode -model dut "
@I [HLS-100] Command 'preproc_iomode' returned 0; elapsed 0Total elapsed time: 24.924 sec.
@I [HLS-100] Command "preproc_iomode -model dut_digitrec "
@I [HLS-100] Command 'preproc_iomode' returned 0; elapsed 0Total elapsed time: 24.924 sec.
@I [HLS-100] Command "preproc_iomode -model dut_knn_vote "
@I [HLS-100] Command 'preproc_iomode' returned 0; elapsed 0Total elapsed time: 24.924 sec.
@I [HLS-100] Command "preproc_iomode -model dut_update_knn "
@I [HLS-100] Command 'preproc_iomode' returned 0; elapsed 0Total elapsed time: 24.924 sec.
@I [HLS-100] Command "get_model_list dut -filter all-wo-channel "
@I [HLS-100] Command 'get_model_list' returned 0; elapsed 0Total elapsed time: 24.925 sec.
@I [HLS-0] Model list for configure: dut_update_knn dut_knn_vote dut_digitrec dut
@I [HLS-0] Configuring Module : dut_update_knn ...
@I [HLS-100] Command "set_default_model dut_update_knn "
@I [HLS-100] Command 'set_default_model' returned 0; elapsed 0Total elapsed time: 24.925 sec.
@I [HLS-100] Command "apply_spec_resource_limit dut_update_knn "
@I [HLS-100] Command 'apply_spec_resource_limit' returned 0; elapsed 0Total elapsed time: 24.925 sec.
@I [HLS-0] Configuring Module : dut_knn_vote ...
@I [HLS-100] Command "set_default_model dut_knn_vote "
@I [HLS-100] Command 'set_default_model' returned 0; elapsed 0Total elapsed time: 24.925 sec.
@I [HLS-100] Command "apply_spec_resource_limit dut_knn_vote "
@I [HLS-100] Command 'apply_spec_resource_limit' returned 0; elapsed 0Total elapsed time: 24.926 sec.
@I [HLS-0] Configuring Module : dut_digitrec ...
@I [HLS-100] Command "set_default_model dut_digitrec "
@I [HLS-100] Command 'set_default_model' returned 0; elapsed 0Total elapsed time: 24.926 sec.
@I [HLS-100] Command "apply_spec_resource_limit dut_digitrec "
@I [HLS-100] Command 'apply_spec_resource_limit' returned 0; elapsed 0Total elapsed time: 24.926 sec.
@I [HLS-0] Configuring Module : dut ...
@I [HLS-100] Command "set_default_model dut "
@I [HLS-100] Command 'set_default_model' returned 0; elapsed 0Total elapsed time: 24.926 sec.
@I [HLS-100] Command "apply_spec_resource_limit dut "
@I [HLS-100] Command 'apply_spec_resource_limit' returned 0; elapsed 0Total elapsed time: 24.926 sec.
@I [HLS-0] Model list for preprocess: dut_update_knn dut_knn_vote dut_digitrec dut
@I [HLS-0] Preprocessing Module: dut_update_knn ...
@I [HLS-100] Command "set_default_model dut_update_knn "
@I [HLS-100] Command 'set_default_model' returned 0; elapsed 0Total elapsed time: 24.926 sec.
@I [HLS-100] Command "cdfg_preprocess -model dut_update_knn "
@I [HLS-100] Command 'cdfg_preprocess' returned 0; elapsed 0Total elapsed time: 24.927 sec.
@I [HLS-100] Command "rtl_gen_preprocess dut_update_knn "
@I [HLS-100] Command 'rtl_gen_preprocess' returned 0; elapsed 0Total elapsed time: 24.929 sec.
@I [HLS-0] Preprocessing Module: dut_knn_vote ...
@I [HLS-100] Command "set_default_model dut_knn_vote "
@I [HLS-100] Command 'set_default_model' returned 0; elapsed 0Total elapsed time: 24.929 sec.
@I [HLS-100] Command "cdfg_preprocess -model dut_knn_vote "
@I [HLS-100] Command 'cdfg_preprocess' returned 0; elapsed 0.01Total elapsed time: 24.932 sec.
@I [HLS-100] Command "rtl_gen_preprocess dut_knn_vote "
@I [HLS-100] Command 'rtl_gen_preprocess' returned 0; elapsed 0Total elapsed time: 24.933 sec.
@I [HLS-0] Preprocessing Module: dut_digitrec ...
@I [HLS-100] Command "set_default_model dut_digitrec "
@I [HLS-100] Command 'set_default_model' returned 0; elapsed 0Total elapsed time: 24.933 sec.
@I [HLS-100] Command "cdfg_preprocess -model dut_digitrec "
@I [HLS-100] Command 'cdfg_preprocess' returned 0; elapsed 0Total elapsed time: 24.933 sec.
@I [HLS-100] Command "rtl_gen_preprocess dut_digitrec "
@I [HLS-100] Command 'rtl_gen_preprocess' returned 0; elapsed 0Total elapsed time: 24.934 sec.
@I [HLS-0] Preprocessing Module: dut ...
@I [HLS-100] Command "set_default_model dut "
@I [HLS-100] Command 'set_default_model' returned 0; elapsed 0Total elapsed time: 24.934 sec.
@I [HLS-100] Command "cdfg_preprocess -model dut "
@I [HLS-100] Command 'cdfg_preprocess' returned 0; elapsed 0Total elapsed time: 24.935 sec.
@I [HLS-100] Command "rtl_gen_preprocess dut "
@I [HLS-100] Command 'rtl_gen_preprocess' returned 0; elapsed 0Total elapsed time: 24.935 sec.
@I [HLS-0] Model list for synthesis: dut_update_knn dut_knn_vote dut_digitrec dut
@I [HLS-10] ----------------------------------------------------------------
@0 [HLS-0] ----------------------------------------------------------------
@I [HLS-10] -- Scheduling module 'dut_update_knn' 
@0 [HLS-0] -- Scheduling module 'dut_update_knn' 
@I [HLS-10] ----------------------------------------------------------------
@0 [HLS-0] ----------------------------------------------------------------
@I [HLS-100] Command "set_default_model dut_update_knn "
@I [HLS-100] Command 'set_default_model' returned 0; elapsed 0Total elapsed time: 24.936 sec.
@I [HLS-100] Command "schedule -model dut_update_knn "
@I [SCHED-11] Starting scheduling ...
@I [SCHED-11] Finished scheduling.
@I [HLS-100] Command 'schedule' returned 0; elapsed 0.02Total elapsed time: 24.959 sec.
@I [HLS-111] Elapsed time: 0.03 seconds; current memory usage: 150 MB.
@I [HLS-100] Command "report -o /home/srs383/ECE5775/Labs/lab3/ecelinux/digitrec.prj/solution1/.autopilot/db/dut_update_knn.verbose.sched.rpt -verbose -f "
@I [HLS-100] Command 'report' returned 0; elapsed 0.06Total elapsed time: 25.23 sec.
@I [HLS-100] Command "db_write -o /home/srs383/ECE5775/Labs/lab3/ecelinux/digitrec.prj/solution1/.autopilot/db/dut_update_knn.sched.adb -f "
@I [HLS-100] Command 'db_write' returned 0; elapsed 0.05Total elapsed time: 25.84 sec.
@I [HLS-0] Finish scheduling dut_update_knn.
@I [HLS-10] ----------------------------------------------------------------
@0 [HLS-0] ----------------------------------------------------------------
@I [HLS-10] -- Exploring micro-architecture for module 'dut_update_knn' 
@0 [HLS-0] -- Exploring micro-architecture for module 'dut_update_knn' 
@I [HLS-10] ----------------------------------------------------------------
@0 [HLS-0] ----------------------------------------------------------------
@I [HLS-100] Command "set_default_model dut_update_knn "
@I [HLS-100] Command 'set_default_model' returned 0; elapsed 0Total elapsed time: 25.88 sec.
@I [HLS-100] Command "bind -model dut_update_knn "
@I [BIND-110] clear=
@I [BIND-110] debug=
@I [BIND-110] drf=
@I [BIND-110] effort=
@I [BIND-110] fast_refine=
@I [BIND-110] fu_weight=[ 0.0 -- 1.0 ]
@I [BIND-110] global_opt=
@I [BIND-110] gsearch=
@I [BIND-110] help=
@I [BIND-110] help-hidden=
@I [BIND-110] min_mem_port=
@I [BIND-110] min_op=
@I [BIND-110] minreg=
@I [BIND-110] ml=
@I [BIND-110] model=dut_update_knn
@I [BIND-110] no_false_path=
@I [BIND-110] no_min_op=
@I [BIND-110] normalize=
@I [BIND-110] quiet=
@I [BIND-110] refine=
@I [BIND-110] reg_weight=[ 0.0 -- 1.0 ]
@I [BIND-110] search=
@I [BIND-110] tight_delay=
@I [BIND-110] verbose=
@I [BIND-110] wFF=
@I [BIND-110] wFU=
@I [BIND-110] wMUX=
@I [BIND-110] wNET=
@I [BIND-100] Starting micro-architecture generation ...
@I [BIND-101] Performing variable lifetime analysis.
@I [BIND-101] Exploring resource sharing.
@I [BIND-101] Binding ...
@I [BIND-100] Finished micro-architecture generation.
@I [HLS-100] Command 'bind' returned 0; elapsed 0.01Total elapsed time: 25.96 sec.
@I [HLS-111] Elapsed time: 0.12 seconds; current memory usage: 150 MB.
@I [HLS-100] Command "report -o /home/srs383/ECE5775/Labs/lab3/ecelinux/digitrec.prj/solution1/.autopilot/db/dut_update_knn.verbose.bind.rpt -verbose -f "
@I [HLS-100] Command 'report' returned 0; elapsed 0.07Total elapsed time: 25.170 sec.
@I [HLS-100] Command "db_write -o /home/srs383/ECE5775/Labs/lab3/ecelinux/digitrec.prj/solution1/.autopilot/db/dut_update_knn.bind.adb -f "
@I [HLS-100] Command 'db_write' returned 0; elapsed 0.06Total elapsed time: 25.231 sec.
@I [HLS-0] Finish binding dut_update_knn.
@I [HLS-10] ----------------------------------------------------------------
@0 [HLS-0] ----------------------------------------------------------------
@I [HLS-10] -- Scheduling module 'dut_knn_vote' 
@0 [HLS-0] -- Scheduling module 'dut_knn_vote' 
@I [HLS-10] ----------------------------------------------------------------
@0 [HLS-0] ----------------------------------------------------------------
@I [HLS-100] Command "set_default_model dut_knn_vote "
@I [HLS-100] Command 'set_default_model' returned 0; elapsed 0Total elapsed time: 25.232 sec.
@I [HLS-100] Command "schedule -model dut_knn_vote "
@I [SCHED-11] Starting scheduling ...
@I [SCHED-11] Finished scheduling.
@I [HLS-100] Command 'schedule' returned 0; elapsed 0.08Total elapsed time: 25.319 sec.
@I [HLS-111] Elapsed time: 0.22 seconds; current memory usage: 151 MB.
@I [HLS-100] Command "report -o /home/srs383/ECE5775/Labs/lab3/ecelinux/digitrec.prj/solution1/.autopilot/db/dut_knn_vote.verbose.sched.rpt -verbose -f "
@I [HLS-100] Command 'report' returned 0; elapsed 0.26Total elapsed time: 25.598 sec.
@I [HLS-100] Command "db_write -o /home/srs383/ECE5775/Labs/lab3/ecelinux/digitrec.prj/solution1/.autopilot/db/dut_knn_vote.sched.adb -f "
@I [HLS-100] Command 'db_write' returned 0; elapsed 0.27Total elapsed time: 25.889 sec.
@I [HLS-0] Finish scheduling dut_knn_vote.
@I [HLS-10] ----------------------------------------------------------------
@0 [HLS-0] ----------------------------------------------------------------
@I [HLS-10] -- Exploring micro-architecture for module 'dut_knn_vote' 
@0 [HLS-0] -- Exploring micro-architecture for module 'dut_knn_vote' 
@I [HLS-10] ----------------------------------------------------------------
@0 [HLS-0] ----------------------------------------------------------------
@I [HLS-100] Command "set_default_model dut_knn_vote "
@I [HLS-100] Command 'set_default_model' returned 0; elapsed 0Total elapsed time: 25.890 sec.
@I [HLS-100] Command "bind -model dut_knn_vote "
@I [BIND-110] clear=
@I [BIND-110] debug=
@I [BIND-110] drf=
@I [BIND-110] effort=
@I [BIND-110] fast_refine=
@I [BIND-110] fu_weight=[ 0.0 -- 1.0 ]
@I [BIND-110] global_opt=
@I [BIND-110] gsearch=
@I [BIND-110] help=
@I [BIND-110] help-hidden=
@I [BIND-110] min_mem_port=
@I [BIND-110] min_op=
@I [BIND-110] minreg=
@I [BIND-110] ml=
@I [BIND-110] model=dut_knn_vote
@I [BIND-110] no_false_path=
@I [BIND-110] no_min_op=
@I [BIND-110] normalize=
@I [BIND-110] quiet=
@I [BIND-110] refine=
@I [BIND-110] reg_weight=[ 0.0 -- 1.0 ]
@I [BIND-110] search=
@I [BIND-110] tight_delay=
@I [BIND-110] verbose=
@I [BIND-110] wFF=
@I [BIND-110] wFU=
@I [BIND-110] wMUX=
@I [BIND-110] wNET=
@I [BIND-100] Starting micro-architecture generation ...
@I [BIND-101] Performing variable lifetime analysis.
@I [BIND-101] Exploring resource sharing.
@I [BIND-101] Binding ...
@I [BIND-100] Finished micro-architecture generation.
@I [HLS-100] Command 'bind' returned 0; elapsed 0.05Total elapsed time: 25.928 sec.
@I [HLS-111] Elapsed time: 0.58 seconds; current memory usage: 152 MB.
@I [HLS-100] Command "report -o /home/srs383/ECE5775/Labs/lab3/ecelinux/digitrec.prj/solution1/.autopilot/db/dut_knn_vote.verbose.bind.rpt -verbose -f "
@I [HLS-100] Command 'report' returned 0; elapsed 0.32Total elapsed time: 26.258 sec.
@I [HLS-100] Command "db_write -o /home/srs383/ECE5775/Labs/lab3/ecelinux/digitrec.prj/solution1/.autopilot/db/dut_knn_vote.bind.adb -f "
@I [HLS-100] Command 'db_write' returned 0; elapsed 0.27Total elapsed time: 26.557 sec.
@I [HLS-0] Finish binding dut_knn_vote.
@I [HLS-10] ----------------------------------------------------------------
@0 [HLS-0] ----------------------------------------------------------------
@I [HLS-10] -- Scheduling module 'dut_digitrec' 
@0 [HLS-0] -- Scheduling module 'dut_digitrec' 
@I [HLS-10] ----------------------------------------------------------------
@0 [HLS-0] ----------------------------------------------------------------
@I [HLS-100] Command "set_default_model dut_digitrec "
@I [HLS-100] Command 'set_default_model' returned 0; elapsed 0Total elapsed time: 26.558 sec.
@I [HLS-100] Command "schedule -model dut_digitrec "
@I [SCHED-11] Starting scheduling ...
@I [SCHED-11] Finished scheduling.
@I [HLS-100] Command 'schedule' returned 0; elapsed 0.02Total elapsed time: 26.578 sec.
@I [HLS-111] Elapsed time: 0.62 seconds; current memory usage: 152 MB.
@I [HLS-100] Command "report -o /home/srs383/ECE5775/Labs/lab3/ecelinux/digitrec.prj/solution1/.autopilot/db/dut_digitrec.verbose.sched.rpt -verbose -f "
@I [HLS-100] Command 'report' returned 0; elapsed 0.05Total elapsed time: 26.646 sec.
@I [HLS-100] Command "db_write -o /home/srs383/ECE5775/Labs/lab3/ecelinux/digitrec.prj/solution1/.autopilot/db/dut_digitrec.sched.adb -f "
@I [HLS-100] Command 'db_write' returned 0; elapsed 0.06Total elapsed time: 26.711 sec.
@I [HLS-0] Finish scheduling dut_digitrec.
@I [HLS-10] ----------------------------------------------------------------
@0 [HLS-0] ----------------------------------------------------------------
@I [HLS-10] -- Exploring micro-architecture for module 'dut_digitrec' 
@0 [HLS-0] -- Exploring micro-architecture for module 'dut_digitrec' 
@I [HLS-10] ----------------------------------------------------------------
@0 [HLS-0] ----------------------------------------------------------------
@I [HLS-100] Command "set_default_model dut_digitrec "
@I [HLS-100] Command 'set_default_model' returned 0; elapsed 0Total elapsed time: 26.712 sec.
@I [HLS-100] Command "bind -model dut_digitrec "
@I [BIND-110] clear=
@I [BIND-110] debug=
@I [BIND-110] drf=
@I [BIND-110] effort=
@I [BIND-110] fast_refine=
@I [BIND-110] fu_weight=[ 0.0 -- 1.0 ]
@I [BIND-110] global_opt=
@I [BIND-110] gsearch=
@I [BIND-110] help=
@I [BIND-110] help-hidden=
@I [BIND-110] min_mem_port=
@I [BIND-110] min_op=
@I [BIND-110] minreg=
@I [BIND-110] ml=
@I [BIND-110] model=dut_digitrec
@I [BIND-110] no_false_path=
@I [BIND-110] no_min_op=
@I [BIND-110] normalize=
@I [BIND-110] quiet=
@I [BIND-110] refine=
@I [BIND-110] reg_weight=[ 0.0 -- 1.0 ]
@I [BIND-110] search=
@I [BIND-110] tight_delay=
@I [BIND-110] verbose=
@I [BIND-110] wFF=
@I [BIND-110] wFU=
@I [BIND-110] wMUX=
@I [BIND-110] wNET=
@I [BIND-100] Starting micro-architecture generation ...
@I [BIND-101] Performing variable lifetime analysis.
@I [BIND-101] Exploring resource sharing.
@I [BIND-101] Binding ...
@I [BIND-100] Finished micro-architecture generation.
@I [HLS-100] Command 'bind' returned 0; elapsed 0.05Total elapsed time: 26.758 sec.
@I [HLS-111] Elapsed time: 0.16 seconds; current memory usage: 152 MB.
@I [HLS-100] Command "report -o /home/srs383/ECE5775/Labs/lab3/ecelinux/digitrec.prj/solution1/.autopilot/db/dut_digitrec.verbose.bind.rpt -verbose -f "
@I [HLS-100] Command 'report' returned 0; elapsed 0.13Total elapsed time: 26.895 sec.
@I [HLS-100] Command "db_write -o /home/srs383/ECE5775/Labs/lab3/ecelinux/digitrec.prj/solution1/.autopilot/db/dut_digitrec.bind.adb -f "
@I [HLS-100] Command 'db_write' returned 0; elapsed 0.06Total elapsed time: 26.967 sec.
@I [HLS-0] Finish binding dut_digitrec.
@I [HLS-10] ----------------------------------------------------------------
@0 [HLS-0] ----------------------------------------------------------------
@I [HLS-10] -- Scheduling module 'dut' 
@0 [HLS-0] -- Scheduling module 'dut' 
@I [HLS-10] ----------------------------------------------------------------
@0 [HLS-0] ----------------------------------------------------------------
@I [HLS-100] Command "set_default_model dut "
@I [HLS-100] Command 'set_default_model' returned 0; elapsed 0Total elapsed time: 26.968 sec.
@I [HLS-100] Command "schedule -model dut "
@I [SCHED-11] Starting scheduling ...
@I [SCHED-11] Finished scheduling.
@I [HLS-100] Command 'schedule' returned 0; elapsed 0.07Total elapsed time: 27.43 sec.
@I [HLS-111] Elapsed time: 0.27 seconds; current memory usage: 152 MB.
@I [HLS-100] Command "report -o /home/srs383/ECE5775/Labs/lab3/ecelinux/digitrec.prj/solution1/.autopilot/db/dut.verbose.sched.rpt -verbose -f "
@I [HLS-100] Command 'report' returned 0; elapsed 0.01Total elapsed time: 27.72 sec.
@I [HLS-100] Command "db_write -o /home/srs383/ECE5775/Labs/lab3/ecelinux/digitrec.prj/solution1/.autopilot/db/dut.sched.adb -f "
@I [HLS-100] Command 'db_write' returned 0; elapsed 0.02Total elapsed time: 27.93 sec.
@I [HLS-0] Finish scheduling dut.
@I [HLS-10] ----------------------------------------------------------------
@0 [HLS-0] ----------------------------------------------------------------
@I [HLS-10] -- Exploring micro-architecture for module 'dut' 
@0 [HLS-0] -- Exploring micro-architecture for module 'dut' 
@I [HLS-10] ----------------------------------------------------------------
@0 [HLS-0] ----------------------------------------------------------------
@I [HLS-100] Command "set_default_model dut "
@I [HLS-100] Command 'set_default_model' returned 0; elapsed 0Total elapsed time: 27.94 sec.
@I [HLS-100] Command "bind -model dut "
@I [BIND-110] clear=
@I [BIND-110] debug=
@I [BIND-110] drf=
@I [BIND-110] effort=
@I [BIND-110] fast_refine=
@I [BIND-110] fu_weight=[ 0.0 -- 1.0 ]
@I [BIND-110] global_opt=
@I [BIND-110] gsearch=
@I [BIND-110] help=
@I [BIND-110] help-hidden=
@I [BIND-110] min_mem_port=
@I [BIND-110] min_op=
@I [BIND-110] minreg=
@I [BIND-110] ml=
@I [BIND-110] model=dut
@I [BIND-110] no_false_path=
@I [BIND-110] no_min_op=
@I [BIND-110] normalize=
@I [BIND-110] quiet=
@I [BIND-110] refine=
@I [BIND-110] reg_weight=[ 0.0 -- 1.0 ]
@I [BIND-110] search=
@I [BIND-110] tight_delay=
@I [BIND-110] verbose=
@I [BIND-110] wFF=
@I [BIND-110] wFU=
@I [BIND-110] wMUX=
@I [BIND-110] wNET=
@I [BIND-100] Starting micro-architecture generation ...
@I [BIND-101] Performing variable lifetime analysis.
@I [BIND-101] Exploring resource sharing.
@I [BIND-101] Binding ...
@I [BIND-100] Finished micro-architecture generation.
@I [HLS-100] Command 'bind' returned 0; elapsed 0.02Total elapsed time: 27.121 sec.
@I [HLS-111] Elapsed time: 0.06 seconds; current memory usage: 152 MB.
@I [HLS-100] Command "report -o /home/srs383/ECE5775/Labs/lab3/ecelinux/digitrec.prj/solution1/.autopilot/db/dut.verbose.bind.rpt -verbose -f "
@I [HLS-100] Command 'report' returned 0; elapsed 0.09Total elapsed time: 27.221 sec.
@I [HLS-100] Command "db_write -o /home/srs383/ECE5775/Labs/lab3/ecelinux/digitrec.prj/solution1/.autopilot/db/dut.bind.adb -f "
@I [HLS-100] Command 'db_write' returned 0; elapsed 0.02Total elapsed time: 27.243 sec.
@I [HLS-0] Finish binding dut.
@I [HLS-100] Command "get_model_list dut -filter all-wo-channel "
@I [HLS-100] Command 'get_model_list' returned 0; elapsed 0Total elapsed time: 27.243 sec.
@I [HLS-0] Preprocessing for RTLGen ...
@I [HLS-100] Command "rtl_gen_preprocess dut_update_knn "
@I [HLS-100] Command 'rtl_gen_preprocess' returned 0; elapsed 0Total elapsed time: 27.244 sec.
@I [HLS-100] Command "rtl_gen_preprocess dut_knn_vote "
@I [HLS-100] Command 'rtl_gen_preprocess' returned 0; elapsed 0Total elapsed time: 27.245 sec.
@I [HLS-100] Command "rtl_gen_preprocess dut_digitrec "
@I [HLS-100] Command 'rtl_gen_preprocess' returned 0; elapsed 0Total elapsed time: 27.245 sec.
@I [HLS-100] Command "rtl_gen_preprocess dut "
@I [HLS-100] Command 'rtl_gen_preprocess' returned 0; elapsed 0Total elapsed time: 27.246 sec.
@I [HLS-0] Model list for RTL generation: dut_update_knn dut_knn_vote dut_digitrec dut
@I [HLS-10] ----------------------------------------------------------------
@0 [HLS-0] ----------------------------------------------------------------
@I [HLS-10] -- Generating RTL for module 'dut_update_knn' 
@0 [HLS-0] -- Generating RTL for module 'dut_update_knn' 
@I [HLS-10] ----------------------------------------------------------------
@0 [HLS-0] ----------------------------------------------------------------
@I [HLS-100] Command "create_rtl_model dut_update_knn -vendor xilinx -mg_file /home/srs383/ECE5775/Labs/lab3/ecelinux/digitrec.prj/solution1/.autopilot/db/dut_update_knn.compgen.tcl "
@I [RTGEN-100] Finished creating RTL model for 'dut_update_knn'.
@I [HLS-100] Command 'create_rtl_model' returned 0; elapsed 0.01Total elapsed time: 27.264 sec.
@I [HLS-111] Elapsed time: 0.13 seconds; current memory usage: 153 MB.
@I [HLS-100] Command "source /home/srs383/ECE5775/Labs/lab3/ecelinux/digitrec.prj/solution1/.autopilot/db/dut.rtl_wrap.cfg.tcl "
@I [HLS-100] Command 'ap_source' returned 0; elapsed 0Total elapsed time: 27.271 sec.
@I [HLS-100] Command "gen_rtl dut_update_knn -style xilinx -tracefl mytrace -tracefmt vcd -traceopt all -f -lang sc -o /home/srs383/ECE5775/Labs/lab3/ecelinux/digitrec.prj/solution1/syn/systemc/dut_update_knn -synmodules dut_update_knn dut_knn_vote dut_digitrec dut "
@I [HLS-100] Command 'gen_rtl' returned 0; elapsed 0Total elapsed time: 27.279 sec.
@I [HLS-100] Command "gen_rtl dut_update_knn -style xilinx -f -lang vhdl -o /home/srs383/ECE5775/Labs/lab3/ecelinux/digitrec.prj/solution1/syn/vhdl/dut_update_knn "
@I [HLS-100] Command 'gen_rtl' returned 0; elapsed 0Total elapsed time: 27.282 sec.
@I [HLS-100] Command "gen_rtl dut_update_knn -style xilinx -f -lang vlog -o /home/srs383/ECE5775/Labs/lab3/ecelinux/digitrec.prj/solution1/syn/verilog/dut_update_knn "
@I [HLS-100] Command 'gen_rtl' returned 0; elapsed 0Total elapsed time: 27.285 sec.
@I [HLS-100] Command "gen_tb_info dut_update_knn -o /home/srs383/ECE5775/Labs/lab3/ecelinux/digitrec.prj/solution1/.autopilot/db/dut_update_knn -p /home/srs383/ECE5775/Labs/lab3/ecelinux/digitrec.prj/solution1/.autopilot/db "
@I [HLS-100] Command 'gen_tb_info' returned 0; elapsed 0Total elapsed time: 27.297 sec.
@I [HLS-100] Command "report -model dut_update_knn -o /home/srs383/ECE5775/Labs/lab3/ecelinux/digitrec.prj/solution1/syn/report/dut_update_knn_csynth.rpt -f "
@I [HLS-100] Command 'report' returned 0; elapsed 0.01Total elapsed time: 27.305 sec.
@I [HLS-100] Command "report -model dut_update_knn -o /home/srs383/ECE5775/Labs/lab3/ecelinux/digitrec.prj/solution1/syn/report/dut_update_knn_csynth.xml -f -x "
@I [HLS-100] Command 'report' returned 0; elapsed 0Total elapsed time: 27.311 sec.
@I [HLS-100] Command "report -model dut_update_knn -o /home/srs383/ECE5775/Labs/lab3/ecelinux/digitrec.prj/solution1/.autopilot/db/dut_update_knn.verbose.rpt -verbose -f "
@I [HLS-100] Command 'report' returned 0; elapsed 0.07Total elapsed time: 27.381 sec.
@I [HLS-100] Command "db_write -model dut_update_knn -o /home/srs383/ECE5775/Labs/lab3/ecelinux/digitrec.prj/solution1/.autopilot/db/dut_update_knn.adb -f "
@I [HLS-100] Command 'db_write' returned 0; elapsed 0.05Total elapsed time: 27.445 sec.
@I [HLS-10] ----------------------------------------------------------------
@0 [HLS-0] ----------------------------------------------------------------
@I [HLS-10] -- Generating RTL for module 'dut_knn_vote' 
@0 [HLS-0] -- Generating RTL for module 'dut_knn_vote' 
@I [HLS-10] ----------------------------------------------------------------
@0 [HLS-0] ----------------------------------------------------------------
@I [HLS-100] Command "create_rtl_model dut_knn_vote -vendor xilinx -mg_file /home/srs383/ECE5775/Labs/lab3/ecelinux/digitrec.prj/solution1/.autopilot/db/dut_knn_vote.compgen.tcl "
@I [RTGEN-100] Generating core module 'dut_mux_3to1_sel2_6_1': 2 instance(s).
@I [RTGEN-100] Finished creating RTL model for 'dut_knn_vote'.
@I [HLS-100] Command 'create_rtl_model' returned 0; elapsed 0.06Total elapsed time: 27.520 sec.
@I [HLS-111] Elapsed time: 0.2 seconds; current memory usage: 155 MB.
@I [HLS-100] Command "source /home/srs383/ECE5775/Labs/lab3/ecelinux/digitrec.prj/solution1/.autopilot/db/dut.rtl_wrap.cfg.tcl "
@I [HLS-100] Command 'ap_source' returned 0; elapsed 0Total elapsed time: 27.526 sec.
@I [HLS-100] Command "gen_rtl dut_knn_vote -style xilinx -tracefl mytrace -tracefmt vcd -traceopt all -f -lang sc -o /home/srs383/ECE5775/Labs/lab3/ecelinux/digitrec.prj/solution1/syn/systemc/dut_knn_vote -synmodules dut_update_knn dut_knn_vote dut_digitrec dut "
@I [HLS-100] Command 'gen_rtl' returned 0; elapsed 0.01Total elapsed time: 27.537 sec.
@I [HLS-100] Command "gen_rtl dut_knn_vote -style xilinx -f -lang vhdl -o /home/srs383/ECE5775/Labs/lab3/ecelinux/digitrec.prj/solution1/syn/vhdl/dut_knn_vote "
@I [HLS-100] Command 'gen_rtl' returned 0; elapsed 0Total elapsed time: 27.543 sec.
@I [HLS-100] Command "gen_rtl dut_knn_vote -style xilinx -f -lang vlog -o /home/srs383/ECE5775/Labs/lab3/ecelinux/digitrec.prj/solution1/syn/verilog/dut_knn_vote "
@I [HLS-100] Command 'gen_rtl' returned 0; elapsed 0Total elapsed time: 27.550 sec.
@I [HLS-100] Command "gen_tb_info dut_knn_vote -o /home/srs383/ECE5775/Labs/lab3/ecelinux/digitrec.prj/solution1/.autopilot/db/dut_knn_vote -p /home/srs383/ECE5775/Labs/lab3/ecelinux/digitrec.prj/solution1/.autopilot/db "
@I [HLS-100] Command 'gen_tb_info' returned 0; elapsed 0.02Total elapsed time: 27.578 sec.
@I [HLS-100] Command "report -model dut_knn_vote -o /home/srs383/ECE5775/Labs/lab3/ecelinux/digitrec.prj/solution1/syn/report/dut_knn_vote_csynth.rpt -f "
@I [HLS-100] Command 'report' returned 0; elapsed 0.02Total elapsed time: 27.607 sec.
@I [HLS-100] Command "report -model dut_knn_vote -o /home/srs383/ECE5775/Labs/lab3/ecelinux/digitrec.prj/solution1/syn/report/dut_knn_vote_csynth.xml -f -x "
@I [HLS-100] Command 'report' returned 0; elapsed 0.02Total elapsed time: 27.630 sec.
@I [HLS-100] Command "report -model dut_knn_vote -o /home/srs383/ECE5775/Labs/lab3/ecelinux/digitrec.prj/solution1/.autopilot/db/dut_knn_vote.verbose.rpt -verbose -f "
@I [HLS-100] Command 'report' returned 0; elapsed 0.35Total elapsed time: 27.984 sec.
@I [HLS-100] Command "db_write -model dut_knn_vote -o /home/srs383/ECE5775/Labs/lab3/ecelinux/digitrec.prj/solution1/.autopilot/db/dut_knn_vote.adb -f "
@I [HLS-100] Command 'db_write' returned 0; elapsed 0.29Total elapsed time: 28.307 sec.
@I [HLS-10] ----------------------------------------------------------------
@0 [HLS-0] ----------------------------------------------------------------
@I [HLS-10] -- Generating RTL for module 'dut_digitrec' 
@0 [HLS-0] -- Generating RTL for module 'dut_digitrec' 
@I [HLS-10] ----------------------------------------------------------------
@0 [HLS-0] ----------------------------------------------------------------
@I [HLS-100] Command "create_rtl_model dut_digitrec -vendor xilinx -mg_file /home/srs383/ECE5775/Labs/lab3/ecelinux/digitrec.prj/solution1/.autopilot/db/dut_digitrec.compgen.tcl "
@I [RTGEN-100] Finished creating RTL model for 'dut_digitrec'.
@I [HLS-100] Command 'create_rtl_model' returned 0; elapsed 0.03Total elapsed time: 28.436 sec.
@I [HLS-111] Elapsed time: 0.82 seconds; current memory usage: 159 MB.
@I [HLS-100] Command "source /home/srs383/ECE5775/Labs/lab3/ecelinux/digitrec.prj/solution1/.autopilot/db/dut.rtl_wrap.cfg.tcl "
@I [HLS-100] Command 'ap_source' returned 0; elapsed 0Total elapsed time: 28.442 sec.
@I [HLS-100] Command "gen_rtl dut_digitrec -style xilinx -tracefl mytrace -tracefmt vcd -traceopt all -f -lang sc -o /home/srs383/ECE5775/Labs/lab3/ecelinux/digitrec.prj/solution1/syn/systemc/dut_digitrec -synmodules dut_update_knn dut_knn_vote dut_digitrec dut "
@I [HLS-100] Command 'gen_rtl' returned 0; elapsed 0Total elapsed time: 28.448 sec.
@I [HLS-100] Command "gen_rtl dut_digitrec -style xilinx -f -lang vhdl -o /home/srs383/ECE5775/Labs/lab3/ecelinux/digitrec.prj/solution1/syn/vhdl/dut_digitrec "
@I [HLS-100] Command 'gen_rtl' returned 0; elapsed 0Total elapsed time: 28.451 sec.
@I [HLS-100] Command "gen_rtl dut_digitrec -style xilinx -f -lang vlog -o /home/srs383/ECE5775/Labs/lab3/ecelinux/digitrec.prj/solution1/syn/verilog/dut_digitrec "
@I [HLS-100] Command 'gen_rtl' returned 0; elapsed 0Total elapsed time: 28.455 sec.
@I [HLS-100] Command "gen_tb_info dut_digitrec -o /home/srs383/ECE5775/Labs/lab3/ecelinux/digitrec.prj/solution1/.autopilot/db/dut_digitrec -p /home/srs383/ECE5775/Labs/lab3/ecelinux/digitrec.prj/solution1/.autopilot/db "
@I [HLS-100] Command 'gen_tb_info' returned 0; elapsed 0.01Total elapsed time: 28.468 sec.
@I [HLS-100] Command "report -model dut_digitrec -o /home/srs383/ECE5775/Labs/lab3/ecelinux/digitrec.prj/solution1/syn/report/dut_digitrec_csynth.rpt -f "
@I [HLS-100] Command 'report' returned 0; elapsed 0Total elapsed time: 28.476 sec.
@I [HLS-100] Command "report -model dut_digitrec -o /home/srs383/ECE5775/Labs/lab3/ecelinux/digitrec.prj/solution1/syn/report/dut_digitrec_csynth.xml -f -x "
@I [HLS-100] Command 'report' returned 0; elapsed 0.01Total elapsed time: 28.483 sec.
@I [HLS-100] Command "report -model dut_digitrec -o /home/srs383/ECE5775/Labs/lab3/ecelinux/digitrec.prj/solution1/.autopilot/db/dut_digitrec.verbose.rpt -verbose -f "
@I [HLS-100] Command 'report' returned 0; elapsed 0.13Total elapsed time: 28.620 sec.
@I [HLS-100] Command "db_write -model dut_digitrec -o /home/srs383/ECE5775/Labs/lab3/ecelinux/digitrec.prj/solution1/.autopilot/db/dut_digitrec.adb -f "
@I [HLS-100] Command 'db_write' returned 0; elapsed 0.06Total elapsed time: 28.693 sec.
@I [HLS-10] ----------------------------------------------------------------
@0 [HLS-0] ----------------------------------------------------------------
@I [HLS-10] -- Generating RTL for module 'dut' 
@0 [HLS-0] -- Generating RTL for module 'dut' 
@I [HLS-10] ----------------------------------------------------------------
@0 [HLS-0] ----------------------------------------------------------------
@I [HLS-100] Command "create_rtl_model dut -vendor xilinx -mg_file /home/srs383/ECE5775/Labs/lab3/ecelinux/digitrec.prj/solution1/.autopilot/db/dut.compgen.tcl "
@I [RTGEN-500] Setting interface mode on port 'dut/strm_in_V_V' to 'ap_fifo'.
@I [RTGEN-500] Setting interface mode on port 'dut/strm_out_V_V' to 'ap_fifo'.
@I [RTGEN-500] Setting interface mode on function 'dut' to 'ap_ctrl_hs'.
@I [RTGEN-100] Finished creating RTL model for 'dut'.
@I [HLS-100] Command 'create_rtl_model' returned 0; elapsed 0Total elapsed time: 28.720 sec.
@I [HLS-111] Elapsed time: 0.24 seconds; current memory usage: 160 MB.
@I [HLS-100] Command "source /home/srs383/ECE5775/Labs/lab3/ecelinux/digitrec.prj/solution1/.autopilot/db/dut.rtl_wrap.cfg.tcl "
@I [HLS-100] Command 'ap_source' returned 0; elapsed 0Total elapsed time: 28.726 sec.
@I [HLS-100] Command "gen_rtl dut -istop -style xilinx -tracefl mytrace -tracefmt vcd -traceopt all -f -lang sc -o /home/srs383/ECE5775/Labs/lab3/ecelinux/digitrec.prj/solution1/syn/systemc/dut -synmodules dut_update_knn dut_knn_vote dut_digitrec dut "
@I [HLS-100] Command 'gen_rtl' returned 0; elapsed 0Total elapsed time: 28.731 sec.
@I [HLS-100] Command "gen_rtl dut -istop -style xilinx -f -lang vhdl -o /home/srs383/ECE5775/Labs/lab3/ecelinux/digitrec.prj/solution1/syn/vhdl/dut "
@I [HLS-100] Command 'gen_rtl' returned 0; elapsed 0Total elapsed time: 28.736 sec.
@I [HLS-100] Command "gen_rtl dut -istop -style xilinx -f -lang vlog -o /home/srs383/ECE5775/Labs/lab3/ecelinux/digitrec.prj/solution1/syn/verilog/dut "
@I [HLS-100] Command 'gen_rtl' returned 0; elapsed 0Total elapsed time: 28.740 sec.
@I [HLS-100] Command "export_constraint_db -o /home/srs383/ECE5775/Labs/lab3/ecelinux/digitrec.prj/solution1/.autopilot/db/dut.constraint.tcl -f -tool general "
@I [HLS-100] Command 'export_constraint_db' returned 0; elapsed 0Total elapsed time: 28.742 sec.
@I [HLS-100] Command "report -model dut -o /home/srs383/ECE5775/Labs/lab3/ecelinux/digitrec.prj/solution1/.autopilot/db/dut.design.xml -verbose -f -dv "
@I [HLS-100] Command 'report' returned 0; elapsed 0.06Total elapsed time: 28.802 sec.
@I [HLS-100] Command "report -model dut -o /home/srs383/ECE5775/Labs/lab3/ecelinux/digitrec.prj/solution1/.autopilot/db/dut.sdaccel.xml -verbose -f -sdaccel "
@I [HLS-100] Command 'report' returned 0; elapsed 0Total elapsed time: 28.808 sec.
@I [HLS-100] Command "gen_tb_info dut -o /home/srs383/ECE5775/Labs/lab3/ecelinux/digitrec.prj/solution1/.autopilot/db/dut -p /home/srs383/ECE5775/Labs/lab3/ecelinux/digitrec.prj/solution1/.autopilot/db "
@I [HLS-100] Command 'gen_tb_info' returned 0; elapsed 0Total elapsed time: 28.824 sec.
@I [HLS-100] Command "report -model dut -o /home/srs383/ECE5775/Labs/lab3/ecelinux/digitrec.prj/solution1/syn/report/dut_csynth.rpt -f "
@I [HLS-100] Command 'report' returned 0; elapsed 0.01Total elapsed time: 28.829 sec.
@I [HLS-100] Command "report -model dut -o /home/srs383/ECE5775/Labs/lab3/ecelinux/digitrec.prj/solution1/syn/report/dut_csynth.xml -f -x "
@I [HLS-100] Command 'report' returned 0; elapsed 0Total elapsed time: 28.832 sec.
@I [HLS-100] Command "report -model dut -o /home/srs383/ECE5775/Labs/lab3/ecelinux/digitrec.prj/solution1/.autopilot/db/dut.verbose.rpt -verbose -f "
@I [HLS-100] Command 'report' returned 0; elapsed 0.09Total elapsed time: 28.929 sec.
@I [HLS-100] Command "db_write -model dut -o /home/srs383/ECE5775/Labs/lab3/ecelinux/digitrec.prj/solution1/.autopilot/db/dut.adb -f "
@I [HLS-100] Command 'db_write' returned 0; elapsed 0.01Total elapsed time: 28.953 sec.
@I [HLS-100] Command "sc_get_clocks dut "
@I [HLS-100] Command 'sc_get_clocks' returned 0; elapsed 0Total elapsed time: 28.961 sec.
@I [HLS-100] Command "sc_get_portdomain dut "
@I [HLS-100] Command 'sc_get_portdomain' returned 0; elapsed 0Total elapsed time: 28.961 sec.
@I [HLS-0] Model list for RTL component generation: dut_update_knn dut_knn_vote dut_digitrec dut
@I [HLS-0] Handling components in module [dut_update_knn] ... 
@I [HLS-100] Command "source /home/srs383/ECE5775/Labs/lab3/ecelinux/digitrec.prj/solution1/.autopilot/db/dut_update_knn.compgen.tcl "
@I [HLS-100] Command 'ap_source' returned 0; elapsed 0Total elapsed time: 28.966 sec.
@I [HLS-0] Handling components in module [dut_knn_vote] ... 
@I [HLS-100] Command "source /home/srs383/ECE5775/Labs/lab3/ecelinux/digitrec.prj/solution1/.autopilot/db/dut_knn_vote.compgen.tcl "
@I [HLS-0] Found component dut_mux_3to1_sel2_6_1.
@I [HLS-0] Append model dut_mux_3to1_sel2_6_1
@I [HLS-0] Found component dut_knn_vote_voteArray_V.
@I [HLS-0] Append model dut_knn_vote_voteArray_V
@I [HLS-0] Found component dut_knn_vote_sumArr_0_V.
@I [HLS-0] Append model dut_knn_vote_sumArr_0_V
@I [HLS-100] Command 'ap_source' returned 0; elapsed 0Total elapsed time: 28.968 sec.
@I [HLS-0] Handling components in module [dut_digitrec] ... 
@I [HLS-100] Command "source /home/srs383/ECE5775/Labs/lab3/ecelinux/digitrec.prj/solution1/.autopilot/db/dut_digitrec.compgen.tcl "
@I [HLS-0] Found component dut_digitrec_training_data_V.
@I [HLS-0] Append model dut_digitrec_training_data_V
@I [HLS-0] Found component dut_digitrec_knn_set_V.
@I [HLS-0] Append model dut_digitrec_knn_set_V
@I [HLS-100] Command 'ap_source' returned 0; elapsed 0.01Total elapsed time: 28.975 sec.
@I [HLS-0] Handling components in module [dut] ... 
@I [HLS-100] Command "source /home/srs383/ECE5775/Labs/lab3/ecelinux/digitrec.prj/solution1/.autopilot/db/dut.compgen.tcl "
@I [HLS-100] Command 'ap_source' returned 0; elapsed 0Total elapsed time: 28.977 sec.
@I [HLS-0] Append model dut_update_knn
@I [HLS-0] Append model dut_knn_vote
@I [HLS-0] Append model dut_digitrec
@I [HLS-0] Append model dut
@I [HLS-0] Generating RTL model list ...
@I [HLS-0] All models in this session: dut_mux_3to1_sel2_6_1 dut_knn_vote_voteArray_V dut_knn_vote_sumArr_0_V dut_digitrec_training_data_V dut_digitrec_knn_set_V dut_update_knn dut_knn_vote dut_digitrec dut
@I [HLS-0] To file: write model dut_mux_3to1_sel2_6_1
@I [HLS-0] To file: write model dut_knn_vote_voteArray_V
@I [HLS-0] To file: write model dut_knn_vote_sumArr_0_V
@I [HLS-0] To file: write model dut_digitrec_training_data_V
@I [HLS-0] To file: write model dut_digitrec_knn_set_V
@I [HLS-0] To file: write model dut_update_knn
@I [HLS-0] To file: write model dut_knn_vote
@I [HLS-0] To file: write model dut_digitrec
@I [HLS-0] To file: write model dut
@I [HLS-0] Finished generating RTL model list.


@I [HLS-0] RTL Generation done.
@I [HLS-0] CAS Generation done.
@I [HLS-0] CBC Generation done.
@I [HLS-100] Command "export_ssdm /home/srs383/ECE5775/Labs/lab3/ecelinux/digitrec.prj/solution1/.autopilot/db/a.export.ll "
@I [HLS-100] Command 'export_ssdm' returned 0; elapsed 0Total elapsed time: 29.0 sec.
@I [HLS-100] Command "source /home/srs383/ECE5775/Labs/lab3/ecelinux/digitrec.prj/solution1/.autopilot/db/global.setting.tcl "
@I [HLS-100] Command 'ap_source' returned 0; elapsed 0Total elapsed time: 29.7 sec.
@I [HLS-100] Command "source /opt/xilinx/xilinx_2016.2/Vivado_HLS/2016.2/common/technology/generic/autopilot/common.gen "
@I [HLS-100] Command "source /opt/xilinx/xilinx_2016.2/Vivado_HLS/2016.2/common/technology/generic/autopilot/APCoreGen.gen "
@I [HLS-100] Command 'ap_source' returned 0; elapsed 0Total elapsed time: 29.12 sec.
@I [HLS-100] Command 'ap_source' returned 0; elapsed 0.01Total elapsed time: 29.12 sec.
@I [HLS-100] Command "source /opt/xilinx/xilinx_2016.2/Vivado_HLS/2016.2/common/technology/generic/autopilot/op.gen "
@I [HLS-100] Command 'ap_source' returned 0; elapsed 0Total elapsed time: 29.14 sec.
@I [HLS-100] Command "source /opt/xilinx/xilinx_2016.2/Vivado_HLS/2016.2/common/technology/generic/autopilot/op_simcore.gen "
@I [HLS-100] Command 'ap_source' returned 0; elapsed 0Total elapsed time: 29.17 sec.
@I [HLS-100] Command "source /opt/xilinx/xilinx_2016.2/Vivado_HLS/2016.2/common/technology/generic/autopilot/interface.gen "
@I [HLS-100] Command 'ap_source' returned 0; elapsed 0Total elapsed time: 29.19 sec.
@I [HLS-100] Command "source /home/srs383/ECE5775/Labs/lab3/ecelinux/digitrec.prj/solution1/.autopilot/db/global.setting.tcl "
@I [HLS-100] Command 'ap_source' returned 0; elapsed 0Total elapsed time: 29.19 sec.
@I [HLS-100] Command "source /opt/xilinx/xilinx_2016.2/Vivado_HLS/2016.2/common/technology/xilinx/zynq/zynq.gen "
@I [HLS-100] Command "source /opt/xilinx/xilinx_2016.2/Vivado_HLS/2016.2/common/technology/xilinx/common/virtex.gen "
@I [HLS-100] Command "source /opt/xilinx/xilinx_2016.2/Vivado_HLS/2016.2/common/technology/xilinx/common/xilinx.gen "
@I [HLS-100] Command "source /opt/xilinx/xilinx_2016.2/Vivado_HLS/2016.2/common/technology/xilinx/interface/plb46.gen "
@I [HLS-100] Command 'ap_source' returned 0; elapsed 0Total elapsed time: 29.26 sec.
@I [HLS-100] Command "source /opt/xilinx/xilinx_2016.2/Vivado_HLS/2016.2/common/technology/xilinx/interface/fsl.gen "
@I [HLS-100] Command 'ap_source' returned 0; elapsed 0Total elapsed time: 29.28 sec.
@I [HLS-100] Command "source /opt/xilinx/xilinx_2016.2/Vivado_HLS/2016.2/common/technology/xilinx/interface/axi4.gen "
@I [HLS-100] Command 'ap_source' returned 0; elapsed 0.01Total elapsed time: 29.32 sec.
@I [HLS-100] Command "source /opt/xilinx/xilinx_2016.2/Vivado_HLS/2016.2/common/technology/xilinx/interface/nativeAXI4.gen "
@I [HLS-100] Command "source /opt/xilinx/xilinx_2016.2/Vivado_HLS/2016.2/common/technology/xilinx/interface/saxilite.gen "
@I [HLS-100] Command 'ap_source' returned 0; elapsed 0Total elapsed time: 29.38 sec.
@I [HLS-100] Command "source /opt/xilinx/xilinx_2016.2/Vivado_HLS/2016.2/common/technology/xilinx/interface/maxi.gen "
@I [HLS-100] Command 'ap_source' returned 0; elapsed 0.01Total elapsed time: 29.47 sec.
@I [HLS-100] Command 'ap_source' returned 0; elapsed 0.01Total elapsed time: 29.47 sec.
@I [HLS-100] Command "source /opt/xilinx/xilinx_2016.2/Vivado_HLS/2016.2/common/technology/xilinx/scripts/xilinxcoregen.gen "
@I [HLS-100] Command 'ap_source' returned 0; elapsed 0Total elapsed time: 29.57 sec.
@I [HLS-100] Command "source /opt/xilinx/xilinx_2016.2/Vivado_HLS/2016.2/common/technology/xilinx/interface/XilEDKCoreGen.gen "
@I [HLS-100] Command 'ap_source' returned 0; elapsed 0.01Total elapsed time: 29.66 sec.
@I [HLS-100] Command "source /opt/xilinx/xilinx_2016.2/Vivado_HLS/2016.2/common/technology/xilinx/ip/util.gen "
@I [HLS-100] Command 'ap_source' returned 0; elapsed 0Total elapsed time: 29.69 sec.
@I [HLS-100] Command "source /opt/xilinx/xilinx_2016.2/Vivado_HLS/2016.2/common/technology/xilinx/ip/xfir.gen "
@I [HLS-100] Command 'ap_source' returned 0; elapsed 0Total elapsed time: 29.71 sec.
@I [HLS-100] Command "source /opt/xilinx/xilinx_2016.2/Vivado_HLS/2016.2/common/technology/xilinx/ip/xfft.gen "
@I [HLS-100] Command 'ap_source' returned 0; elapsed 0.09Total elapsed time: 29.164 sec.
@I [HLS-100] Command "source /opt/xilinx/xilinx_2016.2/Vivado_HLS/2016.2/common/technology/xilinx/ip/dds_compiler.gen "
@I [HLS-100] Command 'ap_source' returned 0; elapsed 0.01Total elapsed time: 29.169 sec.
@I [HLS-100] Command 'ap_source' returned 0; elapsed 0.13Total elapsed time: 29.170 sec.
@I [HLS-100] Command "source /opt/xilinx/xilinx_2016.2/Vivado_HLS/2016.2/common/technology/xilinx/common/dsp48.gen "
@I [HLS-100] Command 'ap_source' returned 0; elapsed 0Total elapsed time: 29.173 sec.
@I [HLS-100] Command 'ap_source' returned 0; elapsed 0.13Total elapsed time: 29.173 sec.
@I [HLS-100] Command 'ap_source' returned 0; elapsed 0.13Total elapsed time: 29.173 sec.
@I [HLS-100] Command "source /opt/xilinx/xilinx_2016.2/Vivado_HLS/2016.2/common/technology/xilinx/zynq/zynq_fpv6.gen "
@I [HLS-100] Command "source /opt/xilinx/xilinx_2016.2/Vivado_HLS/2016.2/common/technology/xilinx/common/xilinx_fpv6.gen "
@I [HLS-100] Command 'ap_source' returned 0; elapsed 0Total elapsed time: 29.178 sec.
@I [HLS-100] Command 'ap_source' returned 0; elapsed 0Total elapsed time: 29.178 sec.
@I [HLS-100] Command "source /home/srs383/ECE5775/Labs/lab3/ecelinux/digitrec.prj/solution1/.autopilot/db/global.setting.tcl "
@I [HLS-100] Command 'ap_source' returned 0; elapsed 0Total elapsed time: 29.179 sec.
@I [HLS-100] Command "source /home/srs383/ECE5775/Labs/lab3/ecelinux/digitrec.prj/solution1/.autopilot/db/global.setting.tcl "
@I [HLS-100] Command 'ap_source' returned 0; elapsed 0Total elapsed time: 29.179 sec.
@I [HLS-100] Command "source /home/srs383/ECE5775/Labs/lab3/ecelinux/digitrec.prj/solution1/.autopilot/db/global.setting.tcl "
@I [HLS-100] Command 'ap_source' returned 0; elapsed 0Total elapsed time: 29.180 sec.
@I [HLS-100] Command "source /home/srs383/ECE5775/Labs/lab3/ecelinux/digitrec.prj/solution1/.autopilot/db/global.setting.tcl "
@I [HLS-100] Command 'ap_source' returned 0; elapsed 0Total elapsed time: 29.180 sec.
@I [HLS-100] Command "source /home/srs383/ECE5775/Labs/lab3/ecelinux/digitrec.prj/solution1/.autopilot/db/dut_update_knn.compgen.tcl "
@I [HLS-100] Command 'ap_source' returned 0; elapsed 0Total elapsed time: 29.184 sec.
@I [HLS-100] Command "source /home/srs383/ECE5775/Labs/lab3/ecelinux/digitrec.prj/solution1/.autopilot/db/dut_knn_vote.compgen.tcl "
@I [RTMG-278] Implementing memory 'dut_knn_vote_voteArray_V_ram' using block RAMs.
@I [RTMG-278] Implementing memory 'dut_knn_vote_sumArr_0_V_ram' using distributed RAMs.
@I [HLS-100] Command 'ap_source' returned 0; elapsed 0.03Total elapsed time: 29.237 sec.
@I [HLS-100] Command "source /home/srs383/ECE5775/Labs/lab3/ecelinux/digitrec.prj/solution1/.autopilot/db/dut_digitrec.compgen.tcl "
@I [RTMG-279] Implementing memory 'dut_digitrec_training_data_V_rom' using auto ROMs.
@I [RTMG-278] Implementing memory 'dut_digitrec_knn_set_V_ram' using distributed RAMs.
@I [HLS-100] Command 'ap_source' returned 0; elapsed 1.62Total elapsed time: 30.945 sec.
@I [HLS-100] Command "source /home/srs383/ECE5775/Labs/lab3/ecelinux/digitrec.prj/solution1/.autopilot/db/dut.compgen.tcl "
@I [HLS-100] Command 'ap_source' returned 0; elapsed 0Total elapsed time: 30.945 sec.
@I [HLS-10] Finished generating all RTL models.
@0 [HLS-0] Finished generating all RTL models.
@I [SYSC-301] Generating SystemC RTL for dut.
@I [VHDL-304] Generating VHDL RTL for dut.
@I [VLOG-307] Generating Verilog RTL for dut.
@I [HLS-100] Command 'autosyn' returned 0; elapsed 5.47Total elapsed time: 31.208 sec.
@I [HLS-100] Command 'csynth_design' returned 0; elapsed 13.29Total elapsed time: 31.209 sec.
@I [HLS-100] Command "cleanup_all "
@I [HLS-100] Command 'cleanup_all' returned 0; elapsed 0.02Total elapsed time: 31.225 sec.
