

================================================================
== Vivado HLS Report for 'dut_knn_vote'
================================================================
* Date:           Tue Oct  3 15:12:30 2017

* Version:        2016.2 (Build 1577090 on Thu Jun 02 16:59:10 MDT 2016)
* Project:        digitrec.prj
* Solution:       solution1
* Product family: zynq
* Target device:  xc7z020clg484-1


================================================================
== Performance Estimates
================================================================
+ Timing (ns): 
    * Summary: 
    +--------+-------+----------+------------+
    |  Clock | Target| Estimated| Uncertainty|
    +--------+-------+----------+------------+
    |ap_clk  |  10.00|      7.82|        1.25|
    +--------+-------+----------+------------+

+ Latency (clock cycles): 
    * Summary: 
    +-----+------+-----+------+---------+
    |   Latency  |  Interval  | Pipeline|
    | min |  max | min |  max |   Type  |
    +-----+------+-----+------+---------+
    |  554|  1454|  554|  1454|   none  |
    +-----+------+-----+------+---------+

    + Detail: 
        * Instance: 
        N/A

        * Loop: 
        +---------------------+-----+------+----------+-----------+-----------+------+----------+
        |                     |   Latency  | Iteration|  Initiation Interval  | Trip |          |
        |      Loop Name      | min |  max |  Latency |  achieved |   target  | Count| Pipelined|
        +---------------------+-----+------+----------+-----------+-----------+------+----------+
        |- Loop 1             |   10|    10|         1|          -|          -|    10|    no    |
        |- Loop 2             |    3|     3|         1|          -|          -|     3|    no    |
        |- Loop 3             |  290|   290|        29|          -|          -|    10|    no    |
        | + Loop 3.1          |   27|    27|         9|          -|          -|     3|    no    |
        |  ++ Loop 3.1.1      |    6|     6|         2|          -|          -|     3|    no    |
        |- Loop 4             |  200|  1100| 20 ~ 110 |          -|          -|    10|    no    |
        | + Loop 4.1          |   18|   108|  6 ~ 36  |          -|          -|     3|    no    |
        |  ++ Loop 4.1.1      |    3|    33|  1 ~ 11  |          -|          -|     3|    no    |
        |   +++ Loop 4.1.1.1  |    6|     6|         2|          -|          -|     3|    no    |
        |- Loop 5             |   20|    20|         2|          -|          -|    10|    no    |
        |- Loop 6             |   20|    20|         2|          -|          -|    10|    no    |
        |- Loop 7             |   20|    20|         2|          -|          -|    10|    no    |
        +---------------------+-----+------+----------+-----------+-----------+------+----------+



================================================================
== Utilization Estimates
================================================================
* Summary: 
+-----------------+---------+-------+--------+-------+
|       Name      | BRAM_18K| DSP48E|   FF   |  LUT  |
+-----------------+---------+-------+--------+-------+
|DSP              |        -|      -|       -|      -|
|Expression       |        -|      -|       0|    299|
|FIFO             |        -|      -|       -|      -|
|Instance         |        -|      -|       0|     12|
|Memory           |        1|      -|      12|      1|
|Multiplexer      |        -|      -|       -|    165|
|Register         |        -|      -|     222|      -|
+-----------------+---------+-------+--------+-------+
|Total            |        1|      0|     234|    477|
+-----------------+---------+-------+--------+-------+
|Available        |      280|    220|  106400|  53200|
+-----------------+---------+-------+--------+-------+
|Utilization (%)  |    ~0   |      0|   ~0   |   ~0  |
+-----------------+---------+-------+--------+-------+

+ Detail: 
    * Instance: 
    +--------------------------+-----------------------+---------+-------+---+----+
    |         Instance         |         Module        | BRAM_18K| DSP48E| FF| LUT|
    +--------------------------+-----------------------+---------+-------+---+----+
    |dut_mux_3to1_sel2_6_1_U5  |dut_mux_3to1_sel2_6_1  |        0|      0|  0|   6|
    |dut_mux_3to1_sel2_6_1_U6  |dut_mux_3to1_sel2_6_1  |        0|      0|  0|   6|
    +--------------------------+-----------------------+---------+-------+---+----+
    |Total                     |                       |        0|      0|  0|  12|
    +--------------------------+-----------------------+---------+-------+---+----+

    * DSP48: 
    N/A

    * Memory: 
    +---------------+--------------------------+---------+----+----+------+-----+------+-------------+
    |     Memory    |          Module          | BRAM_18K| FF | LUT| Words| Bits| Banks| W*Bits*Banks|
    +---------------+--------------------------+---------+----+----+------+-----+------+-------------+
    |sumArr_0_V_U   |dut_knn_vote_sumArr_0_V   |        0|  12|   1|    10|    6|     1|           60|
    |voteArray_V_U  |dut_knn_vote_voteArray_V  |        1|   0|   0|    10|    6|     1|           60|
    +---------------+--------------------------+---------+----+----+------+-----+------+-------------+
    |Total          |                          |        1|  12|   1|    20|   12|     2|          120|
    +---------------+--------------------------+---------+----+----+------+-----+------+-------------+

    * FIFO: 
    N/A

    * Expression: 
    +--------------------------------+----------+-------+---+----+------------+------------+
    |          Variable Name         | Operation| DSP48E| FF| LUT| Bitwidth P0| Bitwidth P1|
    +--------------------------------+----------+-------+---+----+------------+------------+
    |i_2_fu_538_p2                   |     +    |      0|  0|   4|           4|           1|
    |i_3_fu_649_p2                   |     +    |      0|  0|   4|           4|           1|
    |i_4_fu_1049_p2                  |     +    |      0|  0|   4|           4|           1|
    |i_5_fu_905_p2                   |     +    |      0|  0|   4|           4|           1|
    |i_6_fu_1078_p2                  |     +    |      0|  0|   4|           4|           1|
    |i_7_fu_1144_p2                  |     +    |      0|  0|   4|           4|           1|
    |j_1_fu_679_p2                   |     +    |      0|  0|   2|           2|           1|
    |j_2_fu_941_p2                   |     +    |      0|  0|   2|           2|           1|
    |k_1_fu_555_p2                   |     +    |      0|  0|   2|           2|           1|
    |k_2_fu_705_p2                   |     +    |      0|  0|   2|           2|           1|
    |k_3_fu_967_p2                   |     +    |      0|  0|   2|           2|           1|
    |l_1_fu_1016_p2                  |     +    |      0|  0|   2|           2|           1|
    |sum_V_fu_1066_p2                |     +    |      0|  0|   6|           6|           6|
    |tmp_19_fu_997_p2                |     +    |      0|  0|   6|           6|           1|
    |tmp_22_fu_1036_p2               |     +    |      0|  0|   6|           6|           6|
    |tmp_23_fu_689_p2                |     +    |      0|  0|   6|           6|           6|
    |tmp_25_fu_951_p2                |     +    |      0|  0|   6|           6|           6|
    |tmp_27_fu_1026_p2               |     +    |      0|  0|   6|           6|           6|
    |tmp_21_fu_929_p2                |     -    |      0|  0|   6|           6|           6|
    |tmp_2_fu_667_p2                 |     -    |      0|  0|   6|           6|           6|
    |sel_tmp10_fu_871_p2             |    and   |      0|  0|   1|           1|           1|
    |sel_tmp9_fu_805_p2              |    and   |      0|  0|   1|           1|           1|
    |tmp19_fu_799_p2                 |    and   |      0|  0|   1|           1|           1|
    |exitcond10_fu_1072_p2           |   icmp   |      0|  0|   2|           4|           4|
    |exitcond11_fu_1010_p2           |   icmp   |      0|  0|   1|           2|           2|
    |exitcond1_fu_961_p2             |   icmp   |      0|  0|   1|           2|           2|
    |exitcond2_fu_532_p2             |   icmp   |      0|  0|   2|           4|           4|
    |exitcond3_fu_549_p2             |   icmp   |      0|  0|   1|           2|           2|
    |exitcond4_fu_643_p2             |   icmp   |      0|  0|   2|           4|           4|
    |exitcond5_fu_899_p2             |   icmp   |      0|  0|   2|           4|           4|
    |exitcond6_fu_673_p2             |   icmp   |      0|  0|   1|           2|           2|
    |exitcond7_fu_1043_p2            |   icmp   |      0|  0|   2|           4|           4|
    |exitcond8_fu_935_p2             |   icmp   |      0|  0|   1|           2|           2|
    |exitcond9_fu_699_p2             |   icmp   |      0|  0|   1|           2|           2|
    |exitcond_fu_1138_p2             |   icmp   |      0|  0|   2|           4|           4|
    |sel_tmp1_fu_741_p2              |   icmp   |      0|  0|   1|           2|           1|
    |sel_tmp3_fu_575_p2              |   icmp   |      0|  0|   1|           2|           1|
    |sel_tmp5_fu_755_p2              |   icmp   |      0|  0|   1|           2|           1|
    |sel_tmp_fu_561_p2               |   icmp   |      0|  0|   1|           2|           1|
    |tmp_10_fu_973_p2                |   icmp   |      0|  0|   1|           2|           1|
    |tmp_11_fu_735_p2                |   icmp   |      0|  0|   3|           6|           6|
    |tmp_12_fu_1090_p2               |   icmp   |      0|  0|   3|           6|           2|
    |tmp_13_fu_1156_p2               |   icmp   |      0|  0|   3|           6|           2|
    |tmp_15_fu_1179_p2               |   icmp   |      0|  0|   3|           6|           6|
    |tmp_16_fu_991_p2                |   icmp   |      0|  0|   3|           6|           6|
    |tmp_17_fu_1096_p2               |   icmp   |      0|  0|   3|           6|           6|
    |tmp_20_fu_1004_p2               |   icmp   |      0|  0|   3|           6|           2|
    |tmp_3_fu_1060_p2                |   icmp   |      0|  0|   3|           6|           1|
    |tmp_6_fu_711_p2                 |   icmp   |      0|  0|   2|           4|           1|
    |tmp_7_fu_1150_p2                |   icmp   |      0|  0|   2|           4|           1|
    |tmp_8_fu_729_p2                 |   icmp   |      0|  0|   3|           6|           6|
    |maxIndex_V_1_4_fu_1106_p3       |  select  |      0|  0|   6|           1|           6|
    |minArray_0_V_1_fu_605_p3        |  select  |      0|  0|   6|           1|           5|
    |minArray_1_V_1_fu_597_p3        |  select  |      0|  0|   6|           1|           6|
    |minArray_2_V_10_fu_777_p3       |  select  |      0|  0|   6|           1|           6|
    |minArray_2_V_11_fu_785_p3       |  select  |      0|  0|   6|           1|           6|
    |minArray_2_V_12_fu_811_p3       |  select  |      0|  0|   6|           1|           6|
    |minArray_2_V_13_fu_827_p3       |  select  |      0|  0|   6|           1|           6|
    |minArray_2_V_14_fu_835_p3       |  select  |      0|  0|   6|           1|           6|
    |minArray_2_V_15_fu_843_p3       |  select  |      0|  0|   6|           1|           6|
    |minArray_2_V_16_fu_851_p3       |  select  |      0|  0|   6|           1|           6|
    |minArray_2_V_1_fu_581_p3        |  select  |      0|  0|   6|           1|           6|
    |minArray_2_V_5_fu_761_p3        |  select  |      0|  0|   6|           1|           6|
    |minArray_2_V_6_fu_819_p3        |  select  |      0|  0|   6|           1|           6|
    |minArray_2_V_8_fu_747_p3        |  select  |      0|  0|   6|           1|           6|
    |minArray_2_V_9_fu_769_p3        |  select  |      0|  0|   6|           1|           6|
    |minSum_V_5_fu_1114_p3           |  select  |      0|  0|   6|           1|           6|
    |p_0158_2_fu_1171_p3             |  select  |      0|  0|   4|           1|           4|
    |p_0166_5_fu_877_p3              |  select  |      0|  0|   4|           1|           1|
    |p_0174_1_fu_1130_p3             |  select  |      0|  0|   6|           1|           6|
    |p_0182_1_fu_1122_p3             |  select  |      0|  0|   6|           1|           6|
    |p_0182_2_maxIndex_V_fu_1197_p3  |  select  |      0|  0|   6|           1|           6|
    |p_0182_4_fu_1212_p3             |  select  |      0|  0|   6|           1|           6|
    |p_0186_2_fu_1205_p3             |  select  |      0|  0|   6|           1|           6|
    |p_2_maxVal_V_fu_1189_p3         |  select  |      0|  0|   6|           1|           6|
    |sel_tmp2_fu_567_p3              |  select  |      0|  0|   6|           1|           6|
    |sel_tmp6_fu_589_p3              |  select  |      0|  0|   6|           1|           5|
    |sel_tmp7_fu_863_p3              |  select  |      0|  0|   4|           1|           4|
    |sel_tmp8_fu_793_p2              |    xor   |      0|  0|   2|           1|           2|
    +--------------------------------+----------+-------+---+----+------------+------------+
    |Total                           |          |      0|  0| 299|         223|         291|
    +--------------------------------+----------+-------+---+----+------------+------------+

    * Multiplexer: 
    +----------------------+----+-----------+-----+-----------+
    |         Name         | LUT| Input Size| Bits| Total Bits|
    +----------------------+----+-----------+-----+-----------+
    |ap_NS_fsm             |  24|         29|    1|         29|
    |ap_return             |   4|          2|    4|          8|
    |i4_reg_405            |   4|          2|    4|          8|
    |i5_reg_281            |   4|          2|    4|          8|
    |i7_reg_325            |   4|          2|    4|          8|
    |i_reg_259             |   4|          2|    4|          8|
    |j8_reg_336            |   2|          2|    2|          4|
    |j_reg_292             |   2|          2|    2|          4|
    |k6_reg_314            |   2|          2|    2|          4|
    |k9_reg_367            |   2|          3|    2|          6|
    |k_reg_270             |   2|          2|    2|          4|
    |knn_set_V_address0    |   5|          4|    5|         20|
    |l_reg_382             |   2|          2|    2|          4|
    |minArray_2_V_2_fu_84  |   6|          2|    6|         12|
    |minArray_2_V_3_fu_76  |   6|          2|    6|         12|
    |minArray_2_V_4_fu_80  |   6|          2|    6|         12|
    |p_0162_2_reg_347      |   2|          3|    2|          6|
    |p_0166_2_reg_303      |   4|          2|    4|          8|
    |p_0182_2_reg_464      |   6|          2|    6|         12|
    |p_0182_5_reg_499      |   6|          2|    6|         12|
    |p_2_reg_452           |   6|          2|    6|         12|
    |p_3_reg_476           |   4|          2|    4|          8|
    |p_4_reg_416           |   6|          2|    6|         12|
    |p_5_reg_428           |   6|          2|    6|         12|
    |p_s_reg_393           |   6|          2|    6|         12|
    |sumArr_0_V_address0   |   4|          5|    4|         20|
    |sumArr_0_V_d0         |   6|          3|    6|         18|
    |val_assign_1_reg_440  |   4|          2|    4|          8|
    |val_assign_reg_487    |   4|          2|    4|          8|
    |voteArray_V_address0  |   8|          8|    4|         32|
    |voteArray_V_address1  |   8|          8|    4|         32|
    |voteArray_V_d1        |   6|          3|    6|         18|
    +----------------------+----+-----------+-----+-----------+
    |Total                 | 165|        112|  134|        381|
    +----------------------+----+-----------+-----+-----------+

    * Register: 
    +------------------------------+----+----+-----+-----------+
    |             Name             | FF | LUT| Bits| Const Bits|
    +------------------------------+----+----+-----+-----------+
    |ap_CS_fsm                     |  28|   0|   28|          0|
    |ap_return_preg                |   4|   0|    4|          0|
    |i4_reg_405                    |   4|   0|    4|          0|
    |i5_reg_281                    |   4|   0|    4|          0|
    |i7_reg_325                    |   4|   0|    4|          0|
    |i_3_reg_1281                  |   4|   0|    4|          0|
    |i_4_reg_1396                  |   4|   0|    4|          0|
    |i_5_reg_1325                  |   4|   0|    4|          0|
    |i_6_reg_1417                  |   4|   0|    4|          0|
    |i_7_reg_1445                  |   4|   0|    4|          0|
    |i_reg_259                     |   4|   0|    4|          0|
    |j8_reg_336                    |   2|   0|    2|          0|
    |j_1_reg_1294                  |   2|   0|    2|          0|
    |j_2_reg_1350                  |   2|   0|    2|          0|
    |j_reg_292                     |   2|   0|    2|          0|
    |k6_reg_314                    |   2|   0|    2|          0|
    |k9_reg_367                    |   2|   0|    2|          0|
    |k_2_reg_1307                  |   2|   0|    2|          0|
    |k_3_reg_1363                  |   2|   0|    2|          0|
    |k_reg_270                     |   2|   0|    2|          0|
    |l_1_reg_1383                  |   2|   0|    2|          0|
    |l_reg_382                     |   2|   0|    2|          0|
    |minArray_0_V_fu_64            |   6|   0|    6|          0|
    |minArray_1_V_fu_68            |   6|   0|    6|          0|
    |minArray_2_V_16_reg_1312      |   6|   0|    6|          0|
    |minArray_2_V_2_fu_84          |   6|   0|    6|          0|
    |minArray_2_V_3_fu_76          |   6|   0|    6|          0|
    |minArray_2_V_4_fu_80          |   6|   0|    6|          0|
    |minArray_2_V_fu_72            |   6|   0|    6|          0|
    |p_0158_2_reg_1461             |   4|   0|    4|          0|
    |p_0162_2_reg_347              |   2|   0|    2|          0|
    |p_0166_2_reg_303              |   4|   0|    4|          0|
    |p_0166_5_reg_1317             |   4|   0|    4|          0|
    |p_0182_2_reg_464              |   6|   0|    6|          0|
    |p_0182_5_reg_499              |   6|   0|    6|          0|
    |p_2_reg_452                   |   6|   0|    6|          0|
    |p_3_reg_476                   |   4|   0|    4|          0|
    |p_4_reg_416                   |   6|   0|    6|          0|
    |p_5_reg_428                   |   6|   0|    6|          0|
    |p_s_reg_393                   |   6|   0|    6|          0|
    |reg_528                       |   6|   0|    6|          0|
    |sumArr_0_V_addr_1_reg_1342    |   4|   0|    4|          0|
    |tmp_16_reg_1373               |   1|   0|    1|          0|
    |tmp_21_reg_1330               |   6|   0|    6|          0|
    |tmp_2_reg_1286                |   6|   0|    6|          0|
    |tmp_7_reg_1450                |   1|   0|    1|          0|
    |val_assign_1_reg_440          |   4|   0|    4|          0|
    |val_assign_reg_487            |   4|   0|    4|          0|
    |voteArray_V_addr_10_reg_1336  |   4|   0|    4|          0|
    +------------------------------+----+----+-----+-----------+
    |Total                         | 222|   0|  222|          0|
    +------------------------------+----+----+-----+-----------+



================================================================
== Interface
================================================================
* Summary: 
+--------------------+-----+-----+------------+--------------+--------------+
|      RTL Ports     | Dir | Bits|  Protocol  | Source Object|    C Type    |
+--------------------+-----+-----+------------+--------------+--------------+
|ap_clk              |  in |    1| ap_ctrl_hs | dut_knn_vote | return value |
|ap_rst              |  in |    1| ap_ctrl_hs | dut_knn_vote | return value |
|ap_start            |  in |    1| ap_ctrl_hs | dut_knn_vote | return value |
|ap_done             | out |    1| ap_ctrl_hs | dut_knn_vote | return value |
|ap_idle             | out |    1| ap_ctrl_hs | dut_knn_vote | return value |
|ap_ready            | out |    1| ap_ctrl_hs | dut_knn_vote | return value |
|ap_return           | out |    4| ap_ctrl_hs | dut_knn_vote | return value |
|knn_set_V_address0  | out |    5|  ap_memory |   knn_set_V  |     array    |
|knn_set_V_ce0       | out |    1|  ap_memory |   knn_set_V  |     array    |
|knn_set_V_q0        |  in |    6|  ap_memory |   knn_set_V  |     array    |
+--------------------+-----+-----+------------+--------------+--------------+

